<?xml version="1.0" encoding="utf-8"?><testsuites name="pytest tests"><testsuite name="pytest" errors="0" failures="1" skipped="0" tests="73" time="94.351" timestamp="2026-05-30T10:03:46.086081+00:00" hostname="agent-env-795dd4e0-8578-4e28-9e91-7f61c1b4ff57"><testcase classname="tests.test_admin_iter10" name="test_admin_health" time="0.476" /><testcase classname="tests.test_admin_iter10" name="test_admin_audit_list" time="0.102" /><testcase classname="tests.test_admin_iter10" name="test_admin_risk_users" time="0.120" /><testcase classname="tests.test_admin_iter10" name="test_admin_brokers_map" time="0.102" /><testcase classname="tests.test_admin_iter10" name="test_admin_events_list" time="0.096" /><testcase classname="tests.test_admin_iter10" name="test_admin_endpoints_forbid_regular_user[/admin/health]" time="0.450" /><testcase classname="tests.test_admin_iter10" name="test_admin_endpoints_forbid_regular_user[/admin/audit]" time="0.100" /><testcase classname="tests.test_admin_iter10" name="test_admin_endpoints_forbid_regular_user[/admin/risk/users]" time="0.098" /><testcase classname="tests.test_admin_iter10" name="test_admin_endpoints_forbid_regular_user[/admin/brokers/map]" time="0.097" /><testcase classname="tests.test_admin_iter10" name="test_admin_endpoints_forbid_regular_user[/admin/events]" time="0.169" /><testcase classname="tests.test_admin_iter10" name="test_admin_kill_forbid_regular_user" time="0.103" /><testcase classname="tests.test_admin_iter10" name="test_force_kill_and_release_and_admin_trail" time="1.039" /><testcase classname="tests.test_admin_iter10" name="test_force_kill_unknown_user_404" time="0.098" /><testcase classname="tests.test_admin_iter10" name="test_regression_dashboard" time="0.107" /><testcase classname="tests.test_admin_iter10" name="test_regression_audit_query" time="0.098" /><testcase classname="tests.test_admin_iter10" name="test_regression_brokers_list" time="0.091" /><testcase classname="tests.test_admin_iter10" name="test_regression_trap_scan" time="0.109" /><testcase classname="tests.test_alerts_iter11" name="test_get_prefs_defaults_fresh_user" time="0.421" /><testcase classname="tests.test_alerts_iter11" name="test_put_prefs_round_trip" time="0.206" /><testcase classname="tests.test_alerts_iter11" name="test_post_test_telegram_400_no_token" time="0.526" /><testcase classname="tests.test_alerts_iter11" name="test_post_test_email_400_no_smtp" time="0.208" /><testcase classname="tests.test_alerts_iter11" name="test_post_test_invalid_channel" time="0.107" /><testcase classname="tests.test_alerts_iter11" name="test_alerts_require_auth[GET-/alerts/prefs-None]" time="0.109" /><testcase classname="tests.test_alerts_iter11" name="test_alerts_require_auth[PUT-/alerts/prefs-body1]" time="0.124" /><testcase classname="tests.test_alerts_iter11" name="test_alerts_require_auth[POST-/alerts/test-body2]" time="0.101" /><testcase classname="tests.test_alerts_iter11" name="test_alerts_require_auth[GET-/alerts/log-None]" time="0.100" /><testcase classname="tests.test_alerts_iter11" name="test_kill_switch_toggle_emits_alert_log" time="3.030"><failure message="AssertionError: Expected &gt;=2 KILL_SWITCH log rows after toggle, got 1: [{'ts': '2026-05-30T10:03:52.027051+00:00', 'channel': 'email', 'user_id': '2f3154f0-5429-4e76-af6f-d4c4af4129da', 'destination': 'ks@test.io', 'event_type': 'KILL_SWITCH', 'severity': 'HIGH', 'summary': 'Kill switch ARMED', 'ok': False, 'error': 'SMTP_* env vars not configured'}]&#10;assert 1 &gt;= 2&#10; +  where 1 = len([{'channel': 'email', 'destination': 'ks@test.io', 'error': 'SMTP_* env vars not configured', 'event_type': 'KILL_SWITCH', ...}])">E   AssertionError: Expected &gt;=2 KILL_SWITCH log rows after toggle, got 1: [{'ts': '2026-05-30T10:03:52.027051+00:00', 'channel': 'email', 'user_id': '2f3154f0-5429-4e76-af6f-d4c4af4129da', 'destination': 'ks@test.io', 'event_type': 'KILL_SWITCH', 'severity': 'HIGH', 'summary': 'Kill switch ARMED', 'ok': False, 'error': 'SMTP_* env vars not configured'}]
    assert 1 &gt;= 2
     +  where 1 = len([{'channel': 'email', 'destination': 'ks@test.io', 'error': 'SMTP_* env vars not configured', 'event_type': 'KILL_SWITCH', ...}])</failure></testcase><testcase classname="tests.test_alerts_iter11" name="test_dedup_60s_window" time="3.659" /><testcase classname="tests.test_alerts_iter11" name="test_admin_health_contains_alerts" time="0.095" /><testcase classname="tests.test_brokers_iter12" name="test_brokers_list_shape" time="0.419" /><testcase classname="tests.test_brokers_iter12" name="test_connect_then_test_graceful_error[dhan-expected_substrings0]" time="0.202" /><testcase classname="tests.test_brokers_iter12" name="test_connect_then_test_graceful_error[icici-expected_substrings1]" time="0.238" /><testcase classname="tests.test_brokers_iter12" name="test_connect_then_test_graceful_error[rmoney-expected_substrings2]" time="1.695" /><testcase classname="tests.test_brokers_iter12" name="test_audit_events_warn_for_broker_tests" time="0.614" /><testcase classname="tests.test_brokers_iter12" name="test_existing_brokers_no_regression[zerodha]" time="0.671" /><testcase classname="tests.test_brokers_iter12" name="test_existing_brokers_no_regression[upstox]" time="1.214" /><testcase classname="tests.test_brokers_iter12" name="test_admin_health_reconciler_running" time="0.129" /><testcase classname="tests.test_brokers_iter12" name="test_disconnect_writes_audit_event" time="0.799" /><testcase classname="tests.test_brokers_iter12" name="test_cleanup_all_test_connections" time="0.597" /><testcase classname="tests.test_oauth_iter13.TestOauthUrls" name="test_zerodha_urls" time="0.418" /><testcase classname="tests.test_oauth_iter13.TestOauthUrls" name="test_upstox_supported" time="0.101" /><testcase classname="tests.test_oauth_iter13.TestOauthUrls" name="test_others_not_supported[dhan]" time="0.108" /><testcase classname="tests.test_oauth_iter13.TestOauthUrls" name="test_others_not_supported[icici]" time="0.096" /><testcase classname="tests.test_oauth_iter13.TestOauthUrls" name="test_others_not_supported[rmoney]" time="0.102" /><testcase classname="tests.test_oauth_iter13.TestOauthUrls" name="test_urls_require_auth" time="0.106" /><testcase classname="tests.test_oauth_iter13.TestOauthStart" name="test_zerodha_start" time="0.107" /><testcase classname="tests.test_oauth_iter13.TestOauthStart" name="test_upstox_start" time="0.111" /><testcase classname="tests.test_oauth_iter13.TestOauthStart" name="test_dhan_start_rejected" time="0.098" /><testcase classname="tests.test_oauth_iter13.TestOauthStart" name="test_start_requires_creds" time="0.099" /><testcase classname="tests.test_oauth_iter13.TestOauthStart" name="test_start_requires_auth" time="0.098" /><testcase classname="tests.test_oauth_iter13.TestOauthCallback" name="test_zerodha_callback_bad_state" time="0.105" /><testcase classname="tests.test_oauth_iter13.TestOauthCallback" name="test_upstox_callback_bad_state" time="0.092" /><testcase classname="tests.test_oauth_iter13.TestOauthCallback" name="test_unsupported_broker_callback" time="0.114" /><testcase classname="tests.test_oauth_iter13.TestPostback" name="test_postback_no_token" time="0.095" /><testcase classname="tests.test_oauth_iter13.TestPostback" name="test_postback_invalid_token" time="0.100" /><testcase classname="tests.test_oauth_iter13.TestPostback" name="test_unknown_broker_postback" time="0.111" /><testcase classname="tests.test_oauth_iter13" name="test_oauth_states_ttl_index" time="0.005" /><testcase classname="tests.test_cookie_csrf_iter14.TestLoginCookies" name="test_login_returns_token_and_user" time="0.328" /><testcase classname="tests.test_cookie_csrf_iter14.TestLoginCookies" name="test_login_sets_both_cookies" time="0.316" /><testcase classname="tests.test_cookie_csrf_iter14.TestLoginCookies" name="test_login_bad_password" time="0.329" /><testcase classname="tests.test_cookie_csrf_iter14.TestBearerBackCompat" name="test_me_with_bearer_no_cookies" time="0.420" /><testcase classname="tests.test_cookie_csrf_iter14.TestBearerBackCompat" name="test_risk_put_bearer_only_bypasses_csrf" time="0.451" /><testcase classname="tests.test_cookie_csrf_iter14.TestBearerBackCompat" name="test_me_with_no_auth" time="68.112" /><testcase classname="tests.test_cookie_csrf_iter14.TestCookieAuth" name="test_me_with_cookies_only" time="0.446" /><testcase classname="tests.test_cookie_csrf_iter14.TestCSRF" name="test_csrf_missing_header" time="0.390" /><testcase classname="tests.test_cookie_csrf_iter14.TestCSRF" name="test_csrf_wrong_header" time="0.386" /><testcase classname="tests.test_cookie_csrf_iter14.TestCSRF" name="test_csrf_success" time="0.378" /><testcase classname="tests.test_cookie_csrf_iter14.TestCSRF" name="test_csrf_exempt_login" time="0.321" /><testcase classname="tests.test_cookie_csrf_iter14.TestLogout" name="test_logout_clears_cookies" time="0.381" /><testcase classname="tests.test_cookie_csrf_iter14.TestMigrate" name="test_migrate_token_success_sets_cookies" time="0.500" /><testcase classname="tests.test_cookie_csrf_iter14.TestMigrate" name="test_migrate_token_missing" time="0.097" /><testcase classname="tests.test_cookie_csrf_iter14.TestMigrate" name="test_migrate_token_invalid" time="0.098" /><testcase classname="tests.test_cookie_csrf_iter14.TestRegressionWithCSRF" name="test_risk_put_cookie_with_csrf" time="0.422" /></testsuite></testsuites>