<?xml version="1.0" encoding="utf-8"?><testsuites name="pytest tests"><testsuite name="pytest" errors="0" failures="2" skipped="0" tests="22" time="17.006" timestamp="2026-05-29T17:17:14.026124+00:00" hostname="agent-env-795dd4e0-8578-4e28-9e91-7f61c1b4ff57"><testcase classname="tests.backend_test.TestIter7AuditLog" name="test_audit_types" time="0.667" /><testcase classname="tests.backend_test.TestIter7AuditLog" name="test_audit_types_unauth" time="0.049" /><testcase classname="tests.backend_test.TestIter7AuditLog" name="test_audit_events_shape" time="0.060" /><testcase classname="tests.backend_test.TestIter7AuditLog" name="test_audit_events_sorted_desc" time="0.088" /><testcase classname="tests.backend_test.TestIter7AuditLog" name="test_paper_order_emits_request_and_fill_with_correlation" time="1.115" /><testcase classname="tests.backend_test.TestIter7AuditLog" name="test_paper_force_override_records_high" time="1.193" /><testcase classname="tests.backend_test.TestIter7AuditLog" name="test_duplicate_blocked_records_warn" time="0.585"><failure message="AssertionError: expected 409 dup, got 503: &#10;  &lt;html&gt;&lt;head&gt;&#10;  &lt;meta http-equiv=&quot;content-type&quot; content=&quot;text/html;charset=utf-8&quot;&gt;&#10;  &lt;title&gt;503 Server Error&lt;/title&gt;&#10;  &lt;/head&gt;&#10;  &lt;body text=#000000 bgcolor=#ffffff&gt;&#10;  &lt;h1&gt;Error: Server Error&lt;/h1&gt;&#10;  &lt;h2&gt;The service you requested is not available at this time.&lt;p&gt;Service error -27.&lt;/h2&gt;&#10;  &lt;h2&gt;&lt;/h2&gt;&#10;  &lt;script&gt;(function(){function c(){var b=a.contentDocument||a.contentWindow.document;if(b){var d=b.createElement('script');d.innerHTML=&quot;window.__CF$cv$params={r:'a03726d7fcd11150',t:'MTc4MDA3NTAzNw=='};var a=document.createElement('script');a.src='/cdn-cgi/challenge-platform/scripts/jsd/main.js';document.getElementsByTagName('head')[0].appendChild(a);&quot;;b.getElementsByTagName('head')[0].appendChild(d)}}if(document.body){var a=document.createElement('iframe');a.height=1;a.width=1;a.style.position='absolute';a.style.top=0;a.style.left=0;a.style.border='none';a.style.visibility='hidden';document.body.appendChild(a);if('loading'!==document.readyState)c();else if(window.addEventListener)document.addEventListener('DOMContentLoaded',c);else{var e=document.onreadystatechange||function(){};document.onreadystatechange=function(b){e(b);'loading'!==document.readyState&amp;&amp;(document.onreadystatechange=e,c())}}}})();&lt;/script&gt;&lt;/body&gt;&lt;/html&gt;&#10;  &#10;assert 503 == 409&#10; +  where 503 = &lt;Response [503]&gt;.status_code">tests/backend_test.py:1294: in test_duplicate_blocked_records_warn
    assert r2.status_code == 409, f"expected 409 dup, got {r2.status_code}: {r2.text}"
E   AssertionError: expected 409 dup, got 503: 
E     &lt;html&gt;&lt;head&gt;
E     &lt;meta http-equiv="content-type" content="text/html;charset=utf-8"&gt;
E     &lt;title&gt;503 Server Error&lt;/title&gt;
E     &lt;/head&gt;
E     &lt;body text=#000000 bgcolor=#ffffff&gt;
E     &lt;h1&gt;Error: Server Error&lt;/h1&gt;
E     &lt;h2&gt;The service you requested is not available at this time.&lt;p&gt;Service error -27.&lt;/h2&gt;
E     &lt;h2&gt;&lt;/h2&gt;
E     &lt;script&gt;(function(){function c(){var b=a.contentDocument||a.contentWindow.document;if(b){var d=b.createElement('script');d.innerHTML="window.__CF$cv$params={r:'a03726d7fcd11150',t:'MTc4MDA3NTAzNw=='};var a=document.createElement('script');a.src='/cdn-cgi/challenge-platform/scripts/jsd/main.js';document.getElementsByTagName('head')[0].appendChild(a);";b.getElementsByTagName('head')[0].appendChild(d)}}if(document.body){var a=document.createElement('iframe');a.height=1;a.width=1;a.style.position='absolute';a.style.top=0;a.style.left=0;a.style.border='none';a.style.visibility='hidden';document.body.appendChild(a);if('loading'!==document.readyState)c();else if(window.addEventListener)document.addEventListener('DOMContentLoaded',c);else{var e=document.onreadystatechange||function(){};document.onreadystatechange=function(b){e(b);'loading'!==document.readyState&amp;&amp;(document.onreadystatechange=e,c())}}}})();&lt;/script&gt;&lt;/body&gt;&lt;/html&gt;
E     
E   assert 503 == 409
E    +  where 503 = &lt;Response [503]&gt;.status_code</failure></testcase><testcase classname="tests.backend_test.TestIter7AuditLog" name="test_kill_switch_toggle_records_high" time="1.279" /><testcase classname="tests.backend_test.TestIter7AuditLog" name="test_risk_policy_change_records_diffs" time="1.341" /><testcase classname="tests.backend_test.TestIter7AuditLog" name="test_broker_connect_test_disconnect_events" time="2.472" /><testcase classname="tests.backend_test.TestIter7AuditLog" name="test_strategy_saved_event" time="1.286" /><testcase classname="tests.backend_test.TestIter7AuditLog" name="test_backtest_run_event" time="1.115" /><testcase classname="tests.backend_test.TestIter7AuditLog" name="test_trap_scan_records_signal" time="1.446" /><testcase classname="tests.backend_test.TestIter7AuditLog" name="test_auth_login_records_events" time="1.745" /><testcase classname="tests.backend_test.TestIter7AuditLog" name="test_filter_event_types" time="0.069" /><testcase classname="tests.backend_test.TestIter7AuditLog" name="test_filter_severities" time="0.050" /><testcase classname="tests.backend_test.TestIter7AuditLog" name="test_search_q_case_insensitive" time="1.452" /><testcase classname="tests.backend_test.TestIter7AuditLog" name="test_date_range_from_ts" time="0.055" /><testcase classname="tests.backend_test.TestIter7AuditLog" name="test_pagination_cursor" time="0.467" /><testcase classname="tests.backend_test.TestIter7AuditLog" name="test_csv_export" time="0.052" /><testcase classname="tests.backend_test.TestIter7AuditLog" name="test_audit_indexes_exist" time="0.112" /><testcase classname="tests.backend_test.TestIter7AuditLog" name="test_paper_order_succeeds_even_if_audit_table_busy" time="0.052"><failure message="AssertionError: {&quot;detail&quot;:&quot;Unknown symbol ITC&quot;}&#10;assert 400 in (200, 201)&#10; +  where 400 = &lt;Response [400]&gt;.status_code">tests/backend_test.py:1559: in test_paper_order_succeeds_even_if_audit_table_busy
    assert r.status_code in (200, 201), r.text
E   AssertionError: {"detail":"Unknown symbol ITC"}
E   assert 400 in (200, 201)
E    +  where 400 = &lt;Response [400]&gt;.status_code</failure></testcase></testsuite></testsuites>