<?xml version="1.0" encoding="utf-8"?><testsuites name="pytest tests"><testsuite name="pytest" errors="0" failures="0" skipped="0" tests="5" time="4.509" timestamp="2026-05-30T10:03:36.512708+00:00" hostname="agent-env-795dd4e0-8578-4e28-9e91-7f61c1b4ff57"><testcase classname="tests.test_iter16" name="test_concurrent_dhan_broker_test" time="0.555" /><testcase classname="tests.test_iter16" name="test_admin_health_during_broker_test" time="0.204" /><testcase classname="tests.test_iter16" name="test_alert_dedup_ttl_index_present" time="0.091" /><testcase classname="tests.test_iter16" name="test_kill_switch_dedup_functional" time="3.555" /><testcase classname="tests.test_iter16" name="test_in_process_ordereddict_removed" time="0.000" /></testsuite></testsuites>