<?xml version="1.0" encoding="utf-8"?><testsuites name="pytest tests"><testsuite name="pytest" errors="0" failures="21" skipped="0" tests="191" time="89.192" timestamp="2026-05-30T09:26:00.500861+00:00" hostname="agent-env-795dd4e0-8578-4e28-9e91-7f61c1b4ff57"><testcase classname="backend.tests.backend_test" name="test_health" time="0.150" /><testcase classname="backend.tests.backend_test.TestAuth" name="test_register_new_user" time="0.276" /><testcase classname="backend.tests.backend_test.TestAuth" name="test_login_demo" time="0.277" /><testcase classname="backend.tests.backend_test.TestAuth" name="test_me_with_token" time="0.387" /><testcase classname="backend.tests.backend_test.TestAuth" name="test_me_without_token" time="0.048"><failure message="assert 200 in (401, 403)&#10; +  where 200 = &lt;Response [200]&gt;.status_code">backend/tests/backend_test.py:75: in test_me_without_token
    assert r.status_code in (401, 403)
E   assert 200 in (401, 403)
E    +  where 200 = &lt;Response [200]&gt;.status_code</failure></testcase><testcase classname="backend.tests.backend_test.TestAuth" name="test_me_invalid_token" time="0.053"><failure message="assert 200 in (401, 403)&#10; +  where 200 = &lt;Response [200]&gt;.status_code">backend/tests/backend_test.py:79: in test_me_invalid_token
    assert r.status_code in (401, 403)
E   assert 200 in (401, 403)
E    +  where 200 = &lt;Response [200]&gt;.status_code</failure></testcase><testcase classname="backend.tests.backend_test.TestMarket" name="test_symbols" time="0.047" /><testcase classname="backend.tests.backend_test.TestMarket" name="test_ohlcv" time="0.045" /><testcase classname="backend.tests.backend_test.TestMarket" name="test_ohlcv_unknown" time="0.044" /><testcase classname="backend.tests.backend_test.TestMarket" name="test_options_chain" time="0.045" /><testcase classname="backend.tests.backend_test.TestStrategies" name="test_generate" time="4.129" /><testcase classname="backend.tests.backend_test.TestStrategies" name="test_save_list_delete" time="0.143" /><testcase classname="backend.tests.backend_test.TestBacktest" name="test_metrics_present" time="0.053" /><testcase classname="backend.tests.backend_test.TestBacktest" name="test_list_backtests" time="0.046" /><testcase classname="backend.tests.backend_test.TestRisk" name="test_analyse" time="9.832" /><testcase classname="backend.tests.backend_test.TestTrap" name="test_scan" time="0.052" /><testcase classname="backend.tests.backend_test.TestTrap" name="test_explain" time="8.648" /><testcase classname="backend.tests.backend_test.TestPaperAndRisk" name="test_get_default_limits" time="0.046" /><testcase classname="backend.tests.backend_test.TestPaperAndRisk" name="test_update_limits" time="0.090" /><testcase classname="backend.tests.backend_test.TestPaperAndRisk" name="test_place_eq_order_and_position" time="0.185" /><testcase classname="backend.tests.backend_test.TestPaperAndRisk" name="test_place_option_order" time="0.148" /><testcase classname="backend.tests.backend_test.TestPaperAndRisk" name="test_flatten" time="0.099" /><testcase classname="backend.tests.backend_test.TestPaperAndRisk" name="test_kill_switch_blocks" time="0.148" /><testcase classname="backend.tests.backend_test.TestJournal" name="test_create_and_list" time="3.865" /><testcase classname="backend.tests.backend_test.TestDashboard" name="test_summary" time="0.048" /><testcase classname="backend.tests.backend_test.TestBrokers" name="test_list_brokers" time="0.045" /><testcase classname="backend.tests.backend_test.TestBrokers" name="test_zerodha_connect_then_test_then_delete" time="0.911" /><testcase classname="backend.tests.backend_test.TestBrokers" name="test_rmoney_graceful_failure" time="1.498" /><testcase classname="backend.tests.backend_test.TestBrokers" name="test_unknown_broker_404" time="0.049" /><testcase classname="backend.tests.backend_test.TestBrokers" name="test_credentials_stored_encrypted" time="0.144" /><testcase classname="backend.tests.backend_test.TestMultiLeg" name="test_long_straddle" time="0.282" /><testcase classname="backend.tests.backend_test.TestMultiLeg" name="test_multi_leg_empty_legs" time="0.089" /><testcase classname="backend.tests.backend_test.TestMultiLeg" name="test_multi_leg_kill_switch_blocks" time="0.182" /><testcase classname="backend.tests.backend_test.TestWebSocketTicks" name="test_ws_ticks_stream" time="1.732" /><testcase classname="backend.tests.backend_test.TestLiteralValidation" name="test_invalid_side_hold" time="0.046" /><testcase classname="backend.tests.backend_test.TestLiteralValidation" name="test_invalid_side_lowercase" time="0.051" /><testcase classname="backend.tests.backend_test.TestLiteralValidation" name="test_invalid_instrument_type" time="0.044" /><testcase classname="backend.tests.backend_test.TestLiteralValidation" name="test_invalid_option_kind" time="0.049" /><testcase classname="backend.tests.backend_test.TestLiteralValidation" name="test_invalid_order_type" time="0.052" /><testcase classname="backend.tests.backend_test.TestLiteralValidation" name="test_multi_leg_invalid_side" time="0.046" /><testcase classname="backend.tests.backend_test.TestLiteralValidation" name="test_multi_leg_invalid_option_kind" time="0.044" /><testcase classname="backend.tests.backend_test.TestDuplicatePrevention" name="test_duplicate_rejected_with_different_idem_keys" time="0.186" /><testcase classname="backend.tests.backend_test.TestDuplicatePrevention" name="test_force_bypass_succeeds" time="0.183" /><testcase classname="backend.tests.backend_test.TestDuplicatePrevention" name="test_dup_window_expires" time="6.692" /><testcase classname="backend.tests.backend_test.TestIdempotency" name="test_idempotency_replay_single" time="0.200" /><testcase classname="backend.tests.backend_test.TestIdempotency" name="test_auto_idempotency_without_header" time="0.191" /><testcase classname="backend.tests.backend_test.TestIdempotency" name="test_multi_leg_idempotency_replay" time="0.327" /><testcase classname="backend.tests.backend_test.TestBasketRollback" name="test_invalid_strike_preflight_no_partial_fill" time="0.314" /><testcase classname="backend.tests.backend_test.TestBasketRollback" name="test_multi_leg_success_persists_basket" time="0.326" /><testcase classname="backend.tests.backend_test.TestIdempotencyTTL" name="test_ttl_index_present" time="0.003" /><testcase classname="backend.tests.backend_test.TestLifespan" name="test_no_on_event_deprecation_and_startup_log" time="0.015" /><testcase classname="backend.tests.backend_test.TestIter5CodeReviewFixes" name="test_backtest_invalid_dsl_entry_string_returns_400" time="0.047" /><testcase classname="backend.tests.backend_test.TestIter5CodeReviewFixes" name="test_backtest_invalid_dsl_exit_string_returns_400" time="0.045" /><testcase classname="backend.tests.backend_test.TestIter5CodeReviewFixes" name="test_backtest_unknown_indicator_runs_no_trades" time="0.050" /><testcase classname="backend.tests.backend_test.TestIter5CodeReviewFixes" name="test_backtest_valid_dsl_still_returns_full_payload" time="0.049" /><testcase classname="backend.tests.backend_test.TestIter5CodeReviewFixes" name="test_rmoney_graceful_after_var_rename" time="1.369" /><testcase classname="backend.tests.backend_test.TestIter5CodeReviewFixes" name="test_multi_leg_accepts_extra_underscore_key_field" time="0.230" /><testcase classname="backend.tests.backend_test.TestIter5CodeReviewFixes" name="test_env_var_test_credentials_default" time="0.000" /><testcase classname="backend.tests.backend_test.TestIter5CodeReviewFixes" name="test_env_var_override_logic" time="0.000" /><testcase classname="backend.tests.backend_test.TestIter6BrokerAdapterPrep" name="test_brokers_capabilities_chip" time="0.045" /><testcase classname="backend.tests.backend_test.TestIter6BrokerAdapterPrep" name="test_reconciliation_summary_shape" time="0.048" /><testcase classname="backend.tests.backend_test.TestIter6BrokerAdapterPrep" name="test_reconciliation_run_paper_noop" time="0.110" /><testcase classname="backend.tests.backend_test.TestIter6BrokerAdapterPrep" name="test_reconciliation_run_zerodha_real_adapter_auth_fails" time="0.588" /><testcase classname="backend.tests.backend_test.TestIter6BrokerAdapterPrep" name="test_reconciliation_run_unconnected_404" time="0.093" /><testcase classname="backend.tests.backend_test.TestIter6BrokerAdapterPrep" name="test_reconciliation_log_broker_filter" time="0.103" /><testcase classname="backend.tests.backend_test.TestIter6BrokerAdapterPrep" name="test_normalized_order_pydantic" time="0.001"><failure message="ValueError: Fernet key must be 32 url-safe base64-encoded bytes.">backend/tests/backend_test.py:1063: in test_normalized_order_pydantic
    from brokers.schemas import NormalizedOrder, OrderStatus
backend/brokers/__init__.py:15: in &lt;module&gt;
    _FERNET = Fernet(os.environ["ENCRYPTION_KEY"].encode())
              ^^^^^^^^^^^^^^^^^^^^^^^^^^^^^^^^^^^^^^^^^^^^^
/root/.venv/lib/python3.11/site-packages/cryptography/fernet.py:41: in __init__
    raise ValueError(
E   ValueError: Fernet key must be 32 url-safe base64-encoded bytes.</failure></testcase><testcase classname="backend.tests.backend_test.TestIter6BrokerAdapterPrep" name="test_broker_adapter_abc_not_instantiable" time="0.001"><failure message="ValueError: Fernet key must be 32 url-safe base64-encoded bytes.">backend/tests/backend_test.py:1080: in test_broker_adapter_abc_not_instantiable
    from brokers.base import BrokerAdapter
backend/brokers/__init__.py:15: in &lt;module&gt;
    _FERNET = Fernet(os.environ["ENCRYPTION_KEY"].encode())
              ^^^^^^^^^^^^^^^^^^^^^^^^^^^^^^^^^^^^^^^^^^^^^
/root/.venv/lib/python3.11/site-packages/cryptography/fernet.py:41: in __init__
    raise ValueError(
E   ValueError: Fernet key must be 32 url-safe base64-encoded bytes.</failure></testcase><testcase classname="backend.tests.backend_test.TestIter6BrokerAdapterPrep" name="test_paper_adapter_capabilities_and_connection" time="0.000"><failure message="ValueError: Fernet key must be 32 url-safe base64-encoded bytes.">backend/tests/backend_test.py:1089: in test_paper_adapter_capabilities_and_connection
    from brokers.paper_adapter import PaperAdapter
backend/brokers/__init__.py:15: in &lt;module&gt;
    _FERNET = Fernet(os.environ["ENCRYPTION_KEY"].encode())
              ^^^^^^^^^^^^^^^^^^^^^^^^^^^^^^^^^^^^^^^^^^^^^
/root/.venv/lib/python3.11/site-packages/cryptography/fernet.py:41: in __init__
    raise ValueError(
E   ValueError: Fernet key must be 32 url-safe base64-encoded bytes.</failure></testcase><testcase classname="backend.tests.backend_test.TestIter6BrokerAdapterPrep" name="test_paper_adapter_place_order_via_abc" time="0.557"><failure message="ValueError: Fernet key must be 32 url-safe base64-encoded bytes.">backend/tests/backend_test.py:1108: in test_paper_adapter_place_order_via_abc
    from brokers.paper_adapter import PaperAdapter
backend/brokers/__init__.py:15: in &lt;module&gt;
    _FERNET = Fernet(os.environ["ENCRYPTION_KEY"].encode())
              ^^^^^^^^^^^^^^^^^^^^^^^^^^^^^^^^^^^^^^^^^^^^^
/root/.venv/lib/python3.11/site-packages/cryptography/fernet.py:41: in __init__
    raise ValueError(
E   ValueError: Fernet key must be 32 url-safe base64-encoded bytes.</failure></testcase><testcase classname="backend.tests.backend_test.TestIter6BrokerAdapterPrep" name="test_circuit_breaker_opens_on_3_failures" time="0.000"><failure message="ValueError: Fernet key must be 32 url-safe base64-encoded bytes.">backend/tests/backend_test.py:1136: in test_circuit_breaker_opens_on_3_failures
    import brokers.base as bb
backend/brokers/__init__.py:15: in &lt;module&gt;
    _FERNET = Fernet(os.environ["ENCRYPTION_KEY"].encode())
              ^^^^^^^^^^^^^^^^^^^^^^^^^^^^^^^^^^^^^^^^^^^^^
/root/.venv/lib/python3.11/site-packages/cryptography/fernet.py:41: in __init__
    raise ValueError(
E   ValueError: Fernet key must be 32 url-safe base64-encoded bytes.</failure></testcase><testcase classname="backend.tests.backend_test.TestIter6BrokerAdapterPrep" name="test_retry_policy_succeeds_on_third_attempt" time="0.000"><failure message="ValueError: Fernet key must be 32 url-safe base64-encoded bytes.">backend/tests/backend_test.py:1168: in test_retry_policy_succeeds_on_third_attempt
    import brokers.base as bb
backend/brokers/__init__.py:15: in &lt;module&gt;
    _FERNET = Fernet(os.environ["ENCRYPTION_KEY"].encode())
              ^^^^^^^^^^^^^^^^^^^^^^^^^^^^^^^^^^^^^^^^^^^^^
/root/.venv/lib/python3.11/site-packages/cryptography/fernet.py:41: in __init__
    raise ValueError(
E   ValueError: Fernet key must be 32 url-safe base64-encoded bytes.</failure></testcase><testcase classname="backend.tests.backend_test.TestIter7AuditLog" name="test_audit_types" time="0.052" /><testcase classname="backend.tests.backend_test.TestIter7AuditLog" name="test_audit_types_unauth" time="0.064"><failure message="assert 200 in (401, 403)&#10; +  where 200 = &lt;Response [200]&gt;.status_code">backend/tests/backend_test.py:1217: in test_audit_types_unauth
    assert r.status_code in (401, 403)
E   assert 200 in (401, 403)
E    +  where 200 = &lt;Response [200]&gt;.status_code</failure></testcase><testcase classname="backend.tests.backend_test.TestIter7AuditLog" name="test_audit_events_shape" time="0.047" /><testcase classname="backend.tests.backend_test.TestIter7AuditLog" name="test_audit_events_sorted_desc" time="0.050" /><testcase classname="backend.tests.backend_test.TestIter7AuditLog" name="test_paper_order_emits_request_and_fill_with_correlation" time="1.121" /><testcase classname="backend.tests.backend_test.TestIter7AuditLog" name="test_paper_force_override_records_high" time="1.097" /><testcase classname="backend.tests.backend_test.TestIter7AuditLog" name="test_duplicate_blocked_records_warn" time="1.150" /><testcase classname="backend.tests.backend_test.TestIter7AuditLog" name="test_kill_switch_toggle_records_high" time="1.193" /><testcase classname="backend.tests.backend_test.TestIter7AuditLog" name="test_risk_policy_change_records_diffs" time="1.195" /><testcase classname="backend.tests.backend_test.TestIter7AuditLog" name="test_broker_connect_test_disconnect_events" time="1.329" /><testcase classname="backend.tests.backend_test.TestIter7AuditLog" name="test_strategy_saved_event" time="1.142" /><testcase classname="backend.tests.backend_test.TestIter7AuditLog" name="test_backtest_run_event" time="1.096" /><testcase classname="backend.tests.backend_test.TestIter7AuditLog" name="test_trap_scan_records_signal" time="1.091" /><testcase classname="backend.tests.backend_test.TestIter7AuditLog" name="test_auth_login_records_events" time="1.750" /><testcase classname="backend.tests.backend_test.TestIter7AuditLog" name="test_filter_event_types" time="0.047" /><testcase classname="backend.tests.backend_test.TestIter7AuditLog" name="test_filter_severities" time="0.047" /><testcase classname="backend.tests.backend_test.TestIter7AuditLog" name="test_search_q_case_insensitive" time="1.098" /><testcase classname="backend.tests.backend_test.TestIter7AuditLog" name="test_date_range_from_ts" time="0.047" /><testcase classname="backend.tests.backend_test.TestIter7AuditLog" name="test_pagination_cursor" time="0.121" /><testcase classname="backend.tests.backend_test.TestIter7AuditLog" name="test_csv_export" time="0.079" /><testcase classname="backend.tests.backend_test.TestIter7AuditLog" name="test_audit_indexes_exist" time="0.010"><failure message="KeyError: 'MONGO_URL'">backend/tests/backend_test.py:1557: in test_audit_indexes_exist
    info = asyncio.run(_check())
           ^^^^^^^^^^^^^^^^^^^^^
/usr/local/lib/python3.11/asyncio/runners.py:190: in run
    return runner.run(main)
           ^^^^^^^^^^^^^^^^
/usr/local/lib/python3.11/asyncio/runners.py:118: in run
    return self._loop.run_until_complete(task)
           ^^^^^^^^^^^^^^^^^^^^^^^^^^^^^^^^^^^
/usr/local/lib/python3.11/asyncio/base_events.py:654: in run_until_complete
    return future.result()
           ^^^^^^^^^^^^^^^
backend/tests/backend_test.py:1550: in _check
    client = AsyncIOMotorClient(_os.environ["MONGO_URL"])
                                ^^^^^^^^^^^^^^^^^^^^^^^^
&lt;frozen os&gt;:679: in __getitem__
    ???
E   KeyError: 'MONGO_URL'</failure></testcase><testcase classname="backend.tests.backend_test.TestIter7AuditLog" name="test_paper_order_succeeds_even_if_audit_table_busy" time="0.049" /><testcase classname="backend.tests.backend_test.TestIter8MonteCarloStress" name="test_stress_with_backtest_full_shape" time="0.157" /><testcase classname="backend.tests.backend_test.TestIter8MonteCarloStress" name="test_stress_with_dsl_only" time="0.059" /><testcase classname="backend.tests.backend_test.TestIter8MonteCarloStress" name="test_same_seed_reproducible" time="0.129" /><testcase classname="backend.tests.backend_test.TestIter8MonteCarloStress" name="test_iterations_below_min_returns_422" time="0.048" /><testcase classname="backend.tests.backend_test.TestIter8MonteCarloStress" name="test_iterations_above_max_returns_422" time="0.045" /><testcase classname="backend.tests.backend_test.TestIter8MonteCarloStress" name="test_service_level_iterations_clamped" time="0.215" /><testcase classname="backend.tests.backend_test.TestIter8MonteCarloStress" name="test_short_equity_curve_returns_400" time="0.046" /><testcase classname="backend.tests.backend_test.TestIter8MonteCarloStress" name="test_neither_backtest_nor_dsl_returns_400" time="0.045" /><testcase classname="backend.tests.backend_test.TestIter8MonteCarloStress" name="test_malformed_dsl_returns_400" time="0.045" /><testcase classname="backend.tests.backend_test.TestIter8MonteCarloStress" name="test_blowup_rate_near_zero_for_small_dd" time="0.052" /><testcase classname="backend.tests.backend_test.TestIter8MonteCarloStress" name="test_histograms_bins_contiguous" time="0.057" /><testcase classname="backend.tests.backend_test.TestIter8MonteCarloStress" name="test_stress_audit_event_recorded" time="1.158" /><testcase classname="backend.tests.backend_test.TestIter8MonteCarloStress" name="test_stress_no_auth_returns_401" time="0.064" /><testcase classname="backend.tests.backend_test.TestIter9Refactor" name="test_services_paper_trading_exports" time="0.161" /><testcase classname="backend.tests.backend_test.TestIter9Refactor" name="test_router_paper_reexports_lifespan_helper" time="0.004"><failure message="KeyError: 'JWT_SECRET'">backend/tests/backend_test.py:1826: in test_router_paper_reexports_lifespan_helper
    from routers.paper import _ensure_idempotency_ttl
backend/routers/paper.py:9: in &lt;module&gt;
    from auth import get_current_user
backend/auth.py:19: in &lt;module&gt;
    JWT_SECRET = os.environ["JWT_SECRET"]
                 ^^^^^^^^^^^^^^^^^^^^^^^^
&lt;frozen os&gt;:679: in __getitem__
    ???
E   KeyError: 'JWT_SECRET'</failure></testcase><testcase classname="backend.tests.backend_test.TestIter9Refactor" name="test_dashboard_router_imports_compute_positions_from_services" time="0.001"><failure message="KeyError: 'JWT_SECRET'">backend/tests/backend_test.py:1830: in test_dashboard_router_imports_compute_positions_from_services
    import routers.dashboard as dash
backend/routers/dashboard.py:4: in &lt;module&gt;
    from auth import get_current_user
backend/auth.py:19: in &lt;module&gt;
    JWT_SECRET = os.environ["JWT_SECRET"]
                 ^^^^^^^^^^^^^^^^^^^^^^^^
&lt;frozen os&gt;:679: in __getitem__
    ???
E   KeyError: 'JWT_SECRET'</failure></testcase><testcase classname="backend.tests.backend_test.TestIter9Refactor" name="test_paper_adapter_uses_services" time="0.000"><failure message="ValueError: Fernet key must be 32 url-safe base64-encoded bytes.">backend/tests/backend_test.py:1836: in test_paper_adapter_uses_services
    from brokers.paper_adapter import PaperAdapter
backend/brokers/__init__.py:15: in &lt;module&gt;
    _FERNET = Fernet(os.environ["ENCRYPTION_KEY"].encode())
              ^^^^^^^^^^^^^^^^^^^^^^^^^^^^^^^^^^^^^^^^^^^^^
/root/.venv/lib/python3.11/site-packages/cryptography/fernet.py:41: in __init__
    raise ValueError(
E   ValueError: Fernet key must be 32 url-safe base64-encoded bytes.</failure></testcase><testcase classname="backend.tests.backend_test.TestIter9Refactor" name="test_zerodha_is_broker_adapter" time="0.000"><failure message="ValueError: Fernet key must be 32 url-safe base64-encoded bytes.">backend/tests/backend_test.py:1845: in test_zerodha_is_broker_adapter
    from brokers.zerodha import ZerodhaClient
backend/brokers/__init__.py:15: in &lt;module&gt;
    _FERNET = Fernet(os.environ["ENCRYPTION_KEY"].encode())
              ^^^^^^^^^^^^^^^^^^^^^^^^^^^^^^^^^^^^^^^^^^^^^
/root/.venv/lib/python3.11/site-packages/cryptography/fernet.py:41: in __init__
    raise ValueError(
E   ValueError: Fernet key must be 32 url-safe base64-encoded bytes.</failure></testcase><testcase classname="backend.tests.backend_test.TestIter9Refactor" name="test_zerodha_test_connection_raises_broker_auth_error" time="0.000"><failure message="ValueError: Fernet key must be 32 url-safe base64-encoded bytes.">backend/tests/backend_test.py:1857: in test_zerodha_test_connection_raises_broker_auth_error
    from brokers.zerodha import ZerodhaClient
backend/brokers/__init__.py:15: in &lt;module&gt;
    _FERNET = Fernet(os.environ["ENCRYPTION_KEY"].encode())
              ^^^^^^^^^^^^^^^^^^^^^^^^^^^^^^^^^^^^^^^^^^^^^
/root/.venv/lib/python3.11/site-packages/cryptography/fernet.py:41: in __init__
    raise ValueError(
E   ValueError: Fernet key must be 32 url-safe base64-encoded bytes.</failure></testcase><testcase classname="backend.tests.backend_test.TestIter9Refactor" name="test_upstox_is_broker_adapter" time="0.000"><failure message="ValueError: Fernet key must be 32 url-safe base64-encoded bytes.">backend/tests/backend_test.py:1868: in test_upstox_is_broker_adapter
    from brokers.upstox import UpstoxClient
backend/brokers/__init__.py:15: in &lt;module&gt;
    _FERNET = Fernet(os.environ["ENCRYPTION_KEY"].encode())
              ^^^^^^^^^^^^^^^^^^^^^^^^^^^^^^^^^^^^^^^^^^^^^
/root/.venv/lib/python3.11/site-packages/cryptography/fernet.py:41: in __init__
    raise ValueError(
E   ValueError: Fernet key must be 32 url-safe base64-encoded bytes.</failure></testcase><testcase classname="backend.tests.backend_test.TestIter9Refactor" name="test_upstox_without_access_token_raises_unavailable" time="0.000"><failure message="ValueError: Fernet key must be 32 url-safe base64-encoded bytes.">backend/tests/backend_test.py:1878: in test_upstox_without_access_token_raises_unavailable
    from brokers.upstox import UpstoxClient
backend/brokers/__init__.py:15: in &lt;module&gt;
    _FERNET = Fernet(os.environ["ENCRYPTION_KEY"].encode())
              ^^^^^^^^^^^^^^^^^^^^^^^^^^^^^^^^^^^^^^^^^^^^^
/root/.venv/lib/python3.11/site-packages/cryptography/fernet.py:41: in __init__
    raise ValueError(
E   ValueError: Fernet key must be 32 url-safe base64-encoded bytes.</failure></testcase><testcase classname="backend.tests.backend_test.TestIter9Refactor" name="test_reconciler_loop_imports" time="0.001"><failure message="ValueError: Fernet key must be 32 url-safe base64-encoded bytes.">backend/tests/backend_test.py:1886: in test_reconciler_loop_imports
    from services.reconciler_loop import reconciler_loop, reconciler_tick
backend/services/reconciler_loop.py:13: in &lt;module&gt;
    from brokers import decrypt_credentials
backend/brokers/__init__.py:15: in &lt;module&gt;
    _FERNET = Fernet(os.environ["ENCRYPTION_KEY"].encode())
              ^^^^^^^^^^^^^^^^^^^^^^^^^^^^^^^^^^^^^^^^^^^^^
/root/.venv/lib/python3.11/site-packages/cryptography/fernet.py:41: in __init__
    raise ValueError(
E   ValueError: Fernet key must be 32 url-safe base64-encoded bytes.</failure></testcase><testcase classname="backend.tests.backend_test.TestIter9Refactor" name="test_reconciler_tick_no_live_brokers_returns_zero" time="0.231"><failure message="AssertionError: stdout=&#10;  stderr=Traceback (most recent call last):&#10;    File &quot;&lt;string&gt;&quot;, line 4, in &lt;module&gt;&#10;    File &quot;/app/backend/services/reconciler_loop.py&quot;, line 13, in &lt;module&gt;&#10;      from brokers import decrypt_credentials&#10;    File &quot;/app/backend/brokers/__init__.py&quot;, line 15, in &lt;module&gt;&#10;      _FERNET = Fernet(os.environ[&quot;ENCRYPTION_KEY&quot;].encode())&#10;                ^^^^^^^^^^^^^^^^^^^^^^^^^^^^^^^^^^^^^^^^^^^^^&#10;    File &quot;/root/.venv/lib/python3.11/site-packages/cryptography/fernet.py&quot;, line 41, in __init__&#10;      raise ValueError(&#10;  ValueError: Fernet key must be 32 url-safe base64-encoded bytes.&#10;  &#10;assert 1 == 0&#10; +  where 1 = CompletedProcess(args=['/root/.venv/bin/python', '-c', &quot;import asyncio, os, sys\nsys.path.insert(0, '/app/backend')\nf....py&quot;, line 41, in __init__\n    raise ValueError(\nValueError: Fernet key must be 32 url-safe base64-encoded bytes.\n').returncode">backend/tests/backend_test.py:1917: in test_reconciler_tick_no_live_brokers_returns_zero
    assert proc.returncode == 0, f"stdout={proc.stdout}\nstderr={proc.stderr}"
E   AssertionError: stdout=
E     stderr=Traceback (most recent call last):
E       File "&lt;string&gt;", line 4, in &lt;module&gt;
E       File "/app/backend/services/reconciler_loop.py", line 13, in &lt;module&gt;
E         from brokers import decrypt_credentials
E       File "/app/backend/brokers/__init__.py", line 15, in &lt;module&gt;
E         _FERNET = Fernet(os.environ["ENCRYPTION_KEY"].encode())
E                   ^^^^^^^^^^^^^^^^^^^^^^^^^^^^^^^^^^^^^^^^^^^^^
E       File "/root/.venv/lib/python3.11/site-packages/cryptography/fernet.py", line 41, in __init__
E         raise ValueError(
E     ValueError: Fernet key must be 32 url-safe base64-encoded bytes.
E     
E   assert 1 == 0
E    +  where 1 = CompletedProcess(args=['/root/.venv/bin/python', '-c', "import asyncio, os, sys\nsys.path.insert(0, '/app/backend')\nf....py", line 41, in __init__\n    raise ValueError(\nValueError: Fernet key must be 32 url-safe base64-encoded bytes.\n').returncode</failure></testcase><testcase classname="backend.tests.backend_test.TestIter9Refactor" name="test_zerodha_connect_and_test_classified_as_error" time="0.586" /><testcase classname="backend.tests.backend_test.TestIter9Refactor" name="test_reconciliation_paper_not_applicable" time="0.048" /><testcase classname="backend.tests.test_admin_iter10" name="test_admin_health" time="0.514" /><testcase classname="backend.tests.test_admin_iter10" name="test_admin_audit_list" time="0.110" /><testcase classname="backend.tests.test_admin_iter10" name="test_admin_risk_users" time="0.124" /><testcase classname="backend.tests.test_admin_iter10" name="test_admin_brokers_map" time="0.114" /><testcase classname="backend.tests.test_admin_iter10" name="test_admin_events_list" time="0.103" /><testcase classname="backend.tests.test_admin_iter10" name="test_admin_endpoints_forbid_regular_user[/admin/health]" time="0.413" /><testcase classname="backend.tests.test_admin_iter10" name="test_admin_endpoints_forbid_regular_user[/admin/audit]" time="0.114" /><testcase classname="backend.tests.test_admin_iter10" name="test_admin_endpoints_forbid_regular_user[/admin/risk/users]" time="0.110" /><testcase classname="backend.tests.test_admin_iter10" name="test_admin_endpoints_forbid_regular_user[/admin/brokers/map]" time="0.097" /><testcase classname="backend.tests.test_admin_iter10" name="test_admin_endpoints_forbid_regular_user[/admin/events]" time="0.105" /><testcase classname="backend.tests.test_admin_iter10" name="test_admin_kill_forbid_regular_user" time="0.104" /><testcase classname="backend.tests.test_admin_iter10" name="test_force_kill_and_release_and_admin_trail" time="1.024" /><testcase classname="backend.tests.test_admin_iter10" name="test_force_kill_unknown_user_404" time="0.113" /><testcase classname="backend.tests.test_admin_iter10" name="test_regression_dashboard" time="0.101" /><testcase classname="backend.tests.test_admin_iter10" name="test_regression_audit_query" time="0.101" /><testcase classname="backend.tests.test_admin_iter10" name="test_regression_brokers_list" time="0.097" /><testcase classname="backend.tests.test_admin_iter10" name="test_regression_trap_scan" time="0.106" /><testcase classname="backend.tests.test_alerts_iter11" name="test_get_prefs_defaults_fresh_user" time="0.435" /><testcase classname="backend.tests.test_alerts_iter11" name="test_put_prefs_round_trip" time="0.191" /><testcase classname="backend.tests.test_alerts_iter11" name="test_post_test_telegram_400_no_token" time="0.518" /><testcase classname="backend.tests.test_alerts_iter11" name="test_post_test_email_400_no_smtp" time="0.206" /><testcase classname="backend.tests.test_alerts_iter11" name="test_post_test_invalid_channel" time="0.099" /><testcase classname="backend.tests.test_alerts_iter11" name="test_alerts_require_auth[GET-/alerts/prefs-None]" time="0.102" /><testcase classname="backend.tests.test_alerts_iter11" name="test_alerts_require_auth[PUT-/alerts/prefs-body1]" time="0.133" /><testcase classname="backend.tests.test_alerts_iter11" name="test_alerts_require_auth[POST-/alerts/test-body2]" time="0.098" /><testcase classname="backend.tests.test_alerts_iter11" name="test_alerts_require_auth[GET-/alerts/log-None]" time="0.095" /><testcase classname="backend.tests.test_alerts_iter11" name="test_kill_switch_toggle_emits_alert_log" time="2.997"><failure message="AssertionError: Expected &gt;=2 KILL_SWITCH log rows after toggle, got 0: []&#10;assert 0 &gt;= 2&#10; +  where 0 = len([])">backend/tests/test_alerts_iter11.py:174: in test_kill_switch_toggle_emits_alert_log
    assert len(ks_rows) &gt;= 2, f"Expected &gt;=2 KILL_SWITCH log rows after toggle, got {len(ks_rows)}: {new_rows}"
E   AssertionError: Expected &gt;=2 KILL_SWITCH log rows after toggle, got 0: []
E   assert 0 &gt;= 2
E    +  where 0 = len([])</failure></testcase><testcase classname="backend.tests.test_alerts_iter11" name="test_dedup_60s_window" time="3.680" /><testcase classname="backend.tests.test_alerts_iter11" name="test_admin_health_contains_alerts" time="0.098" /><testcase classname="backend.tests.test_brokers_iter12" name="test_brokers_list_shape" time="0.423"><failure message="AssertionError: zerodha caps={'supports_modify': True, 'supports_amo': True, 'supports_iceberg': True, 'supports_basket_native': True, 'supports_postback_ws': True, 'supports_options': True, 'supports_options_multi_leg': True, 'max_qty_per_order': None, 'min_qty_per_order': 1}&#10;assert {'max_qty_per..._modify', ...} == {'supports_am...lti_leg', ...}&#10;  &#10;  Extra items in the left set:&#10;  'min_qty_per_order'&#10;  'max_qty_per_order'&#10;  Use -v to get more diff">backend/tests/test_brokers_iter12.py:87: in test_brokers_list_shape
    assert set(caps.keys()) == CAPS_KEYS, f"{it['name']} caps={caps}"
E   AssertionError: zerodha caps={'supports_modify': True, 'supports_amo': True, 'supports_iceberg': True, 'supports_basket_native': True, 'supports_postback_ws': True, 'supports_options': True, 'supports_options_multi_leg': True, 'max_qty_per_order': None, 'min_qty_per_order': 1}
E   assert {'max_qty_per..._modify', ...} == {'supports_am...lti_leg', ...}
E     
E     Extra items in the left set:
E     'min_qty_per_order'
E     'max_qty_per_order'
E     Use -v to get more diff</failure></testcase><testcase classname="backend.tests.test_brokers_iter12" name="test_connect_then_test_graceful_error[dhan-expected_substrings0]" time="0.217" /><testcase classname="backend.tests.test_brokers_iter12" name="test_connect_then_test_graceful_error[icici-expected_substrings1]" time="0.209" /><testcase classname="backend.tests.test_brokers_iter12" name="test_connect_then_test_graceful_error[rmoney-expected_substrings2]" time="1.476" /><testcase classname="backend.tests.test_brokers_iter12" name="test_audit_events_warn_for_broker_tests" time="0.610" /><testcase classname="backend.tests.test_brokers_iter12" name="test_existing_brokers_no_regression[zerodha]" time="0.559" /><testcase classname="backend.tests.test_brokers_iter12" name="test_existing_brokers_no_regression[upstox]" time="0.790" /><testcase classname="backend.tests.test_brokers_iter12" name="test_admin_health_reconciler_running" time="0.125" /><testcase classname="backend.tests.test_brokers_iter12" name="test_disconnect_writes_audit_event" time="0.841" /><testcase classname="backend.tests.test_brokers_iter12" name="test_cleanup_all_test_connections" time="0.604" /><testcase classname="backend.tests.test_cookie_csrf_iter14.TestLoginCookies" name="test_login_returns_token_and_user" time="0.330" /><testcase classname="backend.tests.test_cookie_csrf_iter14.TestLoginCookies" name="test_login_sets_both_cookies" time="0.326" /><testcase classname="backend.tests.test_cookie_csrf_iter14.TestLoginCookies" name="test_login_bad_password" time="0.326" /><testcase classname="backend.tests.test_cookie_csrf_iter14.TestBearerBackCompat" name="test_me_with_bearer_no_cookies" time="0.426" /><testcase classname="backend.tests.test_cookie_csrf_iter14.TestBearerBackCompat" name="test_risk_put_bearer_only_bypasses_csrf" time="0.425" /><testcase classname="backend.tests.test_cookie_csrf_iter14.TestBearerBackCompat" name="test_me_with_no_auth" time="0.104" /><testcase classname="backend.tests.test_cookie_csrf_iter14.TestCookieAuth" name="test_me_with_cookies_only" time="0.368" /><testcase classname="backend.tests.test_cookie_csrf_iter14.TestCSRF" name="test_csrf_missing_header" time="0.369" /><testcase classname="backend.tests.test_cookie_csrf_iter14.TestCSRF" name="test_csrf_wrong_header" time="0.373" /><testcase classname="backend.tests.test_cookie_csrf_iter14.TestCSRF" name="test_csrf_success" time="0.390" /><testcase classname="backend.tests.test_cookie_csrf_iter14.TestCSRF" name="test_csrf_exempt_login" time="0.323" /><testcase classname="backend.tests.test_cookie_csrf_iter14.TestLogout" name="test_logout_clears_cookies" time="0.358" /><testcase classname="backend.tests.test_cookie_csrf_iter14.TestMigrate" name="test_migrate_token_success_sets_cookies" time="0.503" /><testcase classname="backend.tests.test_cookie_csrf_iter14.TestMigrate" name="test_migrate_token_missing" time="0.098" /><testcase classname="backend.tests.test_cookie_csrf_iter14.TestMigrate" name="test_migrate_token_invalid" time="0.098" /><testcase classname="backend.tests.test_cookie_csrf_iter14.TestRegressionWithCSRF" name="test_risk_put_cookie_with_csrf" time="0.446" /><testcase classname="backend.tests.test_oauth_iter13.TestOauthUrls" name="test_zerodha_urls" time="0.444" /><testcase classname="backend.tests.test_oauth_iter13.TestOauthUrls" name="test_upstox_supported" time="0.116" /><testcase classname="backend.tests.test_oauth_iter13.TestOauthUrls" name="test_others_not_supported[dhan]" time="0.100" /><testcase classname="backend.tests.test_oauth_iter13.TestOauthUrls" name="test_others_not_supported[icici]" time="0.103" /><testcase classname="backend.tests.test_oauth_iter13.TestOauthUrls" name="test_others_not_supported[rmoney]" time="0.099" /><testcase classname="backend.tests.test_oauth_iter13.TestOauthUrls" name="test_urls_require_auth" time="0.110" /><testcase classname="backend.tests.test_oauth_iter13.TestOauthStart" name="test_zerodha_start" time="0.106" /><testcase classname="backend.tests.test_oauth_iter13.TestOauthStart" name="test_upstox_start" time="0.109" /><testcase classname="backend.tests.test_oauth_iter13.TestOauthStart" name="test_dhan_start_rejected" time="0.100" /><testcase classname="backend.tests.test_oauth_iter13.TestOauthStart" name="test_start_requires_creds" time="0.113" /><testcase classname="backend.tests.test_oauth_iter13.TestOauthStart" name="test_start_requires_auth" time="0.102" /><testcase classname="backend.tests.test_oauth_iter13.TestOauthCallback" name="test_zerodha_callback_bad_state" time="0.104" /><testcase classname="backend.tests.test_oauth_iter13.TestOauthCallback" name="test_upstox_callback_bad_state" time="0.125" /><testcase classname="backend.tests.test_oauth_iter13.TestOauthCallback" name="test_unsupported_broker_callback" time="0.098" /><testcase classname="backend.tests.test_oauth_iter13.TestPostback" name="test_postback_no_token" time="0.102" /><testcase classname="backend.tests.test_oauth_iter13.TestPostback" name="test_postback_invalid_token" time="0.103" /><testcase classname="backend.tests.test_oauth_iter13.TestPostback" name="test_unknown_broker_postback" time="0.091" /><testcase classname="backend.tests.test_oauth_iter13" name="test_oauth_states_ttl_index" time="0.007" /></testsuite></testsuites>