<?xml version="1.0" encoding="utf-8"?><testsuites name="pytest tests"><testsuite name="pytest" errors="0" failures="0" skipped="0" tests="118" time="59.070" timestamp="2026-05-29T18:37:05.318118+00:00" hostname="agent-env-795dd4e0-8578-4e28-9e91-7f61c1b4ff57"><testcase classname="tests.backend_test" name="test_health" time="0.254" /><testcase classname="tests.backend_test.TestAuth" name="test_register_new_user" time="0.283" /><testcase classname="tests.backend_test.TestAuth" name="test_login_demo" time="0.273" /><testcase classname="tests.backend_test.TestAuth" name="test_me_with_token" time="0.422" /><testcase classname="tests.backend_test.TestAuth" name="test_me_without_token" time="0.051" /><testcase classname="tests.backend_test.TestAuth" name="test_me_invalid_token" time="0.046" /><testcase classname="tests.backend_test.TestMarket" name="test_symbols" time="0.050" /><testcase classname="tests.backend_test.TestMarket" name="test_ohlcv" time="0.050" /><testcase classname="tests.backend_test.TestMarket" name="test_ohlcv_unknown" time="0.052" /><testcase classname="tests.backend_test.TestMarket" name="test_options_chain" time="0.049" /><testcase classname="tests.backend_test.TestStrategies" name="test_generate" time="7.236" /><testcase classname="tests.backend_test.TestStrategies" name="test_save_list_delete" time="0.184" /><testcase classname="tests.backend_test.TestBacktest" name="test_metrics_present" time="0.061" /><testcase classname="tests.backend_test.TestBacktest" name="test_list_backtests" time="0.054" /><testcase classname="tests.backend_test.TestRisk" name="test_analyse" time="8.506" /><testcase classname="tests.backend_test.TestTrap" name="test_scan" time="0.056" /><testcase classname="tests.backend_test.TestTrap" name="test_explain" time="0.333" /><testcase classname="tests.backend_test.TestPaperAndRisk" name="test_get_default_limits" time="0.050" /><testcase classname="tests.backend_test.TestPaperAndRisk" name="test_update_limits" time="0.096" /><testcase classname="tests.backend_test.TestPaperAndRisk" name="test_place_eq_order_and_position" time="0.199" /><testcase classname="tests.backend_test.TestPaperAndRisk" name="test_place_option_order" time="0.091" /><testcase classname="tests.backend_test.TestPaperAndRisk" name="test_flatten" time="0.097" /><testcase classname="tests.backend_test.TestPaperAndRisk" name="test_kill_switch_blocks" time="0.155" /><testcase classname="tests.backend_test.TestJournal" name="test_create_and_list" time="4.103" /><testcase classname="tests.backend_test.TestDashboard" name="test_summary" time="0.050" /><testcase classname="tests.backend_test.TestBrokers" name="test_list_brokers" time="0.048" /><testcase classname="tests.backend_test.TestBrokers" name="test_zerodha_connect_then_test_then_delete" time="0.850" /><testcase classname="tests.backend_test.TestBrokers" name="test_rmoney_graceful_failure" time="1.603" /><testcase classname="tests.backend_test.TestBrokers" name="test_unknown_broker_404" time="0.048" /><testcase classname="tests.backend_test.TestBrokers" name="test_credentials_stored_encrypted" time="0.249" /><testcase classname="tests.backend_test.TestMultiLeg" name="test_long_straddle" time="0.302" /><testcase classname="tests.backend_test.TestMultiLeg" name="test_multi_leg_empty_legs" time="0.094" /><testcase classname="tests.backend_test.TestMultiLeg" name="test_multi_leg_kill_switch_blocks" time="0.199" /><testcase classname="tests.backend_test.TestWebSocketTicks" name="test_ws_ticks_stream" time="1.731" /><testcase classname="tests.backend_test.TestLiteralValidation" name="test_invalid_side_hold" time="0.049" /><testcase classname="tests.backend_test.TestLiteralValidation" name="test_invalid_side_lowercase" time="0.051" /><testcase classname="tests.backend_test.TestLiteralValidation" name="test_invalid_instrument_type" time="0.051" /><testcase classname="tests.backend_test.TestLiteralValidation" name="test_invalid_option_kind" time="0.072" /><testcase classname="tests.backend_test.TestLiteralValidation" name="test_invalid_order_type" time="0.050" /><testcase classname="tests.backend_test.TestLiteralValidation" name="test_multi_leg_invalid_side" time="0.051" /><testcase classname="tests.backend_test.TestLiteralValidation" name="test_multi_leg_invalid_option_kind" time="0.046" /><testcase classname="tests.backend_test.TestDuplicatePrevention" name="test_duplicate_rejected_with_different_idem_keys" time="0.200" /><testcase classname="tests.backend_test.TestDuplicatePrevention" name="test_force_bypass_succeeds" time="0.194" /><testcase classname="tests.backend_test.TestDuplicatePrevention" name="test_dup_window_expires" time="6.703" /><testcase classname="tests.backend_test.TestIdempotency" name="test_idempotency_replay_single" time="0.184" /><testcase classname="tests.backend_test.TestIdempotency" name="test_auto_idempotency_without_header" time="0.230" /><testcase classname="tests.backend_test.TestIdempotency" name="test_multi_leg_idempotency_replay" time="0.338" /><testcase classname="tests.backend_test.TestBasketRollback" name="test_invalid_strike_preflight_no_partial_fill" time="0.296" /><testcase classname="tests.backend_test.TestBasketRollback" name="test_multi_leg_success_persists_basket" time="0.314" /><testcase classname="tests.backend_test.TestIdempotencyTTL" name="test_ttl_index_present" time="0.003" /><testcase classname="tests.backend_test.TestLifespan" name="test_no_on_event_deprecation_and_startup_log" time="0.007" /><testcase classname="tests.backend_test.TestIter5CodeReviewFixes" name="test_backtest_invalid_dsl_entry_string_returns_400" time="0.049" /><testcase classname="tests.backend_test.TestIter5CodeReviewFixes" name="test_backtest_invalid_dsl_exit_string_returns_400" time="0.049" /><testcase classname="tests.backend_test.TestIter5CodeReviewFixes" name="test_backtest_unknown_indicator_runs_no_trades" time="0.061" /><testcase classname="tests.backend_test.TestIter5CodeReviewFixes" name="test_backtest_valid_dsl_still_returns_full_payload" time="0.052" /><testcase classname="tests.backend_test.TestIter5CodeReviewFixes" name="test_rmoney_graceful_after_var_rename" time="1.415" /><testcase classname="tests.backend_test.TestIter5CodeReviewFixes" name="test_multi_leg_accepts_extra_underscore_key_field" time="0.248" /><testcase classname="tests.backend_test.TestIter5CodeReviewFixes" name="test_env_var_test_credentials_default" time="0.000" /><testcase classname="tests.backend_test.TestIter5CodeReviewFixes" name="test_env_var_override_logic" time="0.000" /><testcase classname="tests.backend_test.TestIter6BrokerAdapterPrep" name="test_brokers_capabilities_chip" time="0.054" /><testcase classname="tests.backend_test.TestIter6BrokerAdapterPrep" name="test_reconciliation_summary_shape" time="0.090" /><testcase classname="tests.backend_test.TestIter6BrokerAdapterPrep" name="test_reconciliation_run_paper_noop" time="0.102" /><testcase classname="tests.backend_test.TestIter6BrokerAdapterPrep" name="test_reconciliation_run_zerodha_real_adapter_auth_fails" time="0.666" /><testcase classname="tests.backend_test.TestIter6BrokerAdapterPrep" name="test_reconciliation_run_unconnected_404" time="0.096" /><testcase classname="tests.backend_test.TestIter6BrokerAdapterPrep" name="test_reconciliation_log_broker_filter" time="0.102" /><testcase classname="tests.backend_test.TestIter6BrokerAdapterPrep" name="test_normalized_order_pydantic" time="0.048" /><testcase classname="tests.backend_test.TestIter6BrokerAdapterPrep" name="test_broker_adapter_abc_not_instantiable" time="0.001" /><testcase classname="tests.backend_test.TestIter6BrokerAdapterPrep" name="test_paper_adapter_capabilities_and_connection" time="0.010" /><testcase classname="tests.backend_test.TestIter6BrokerAdapterPrep" name="test_paper_adapter_place_order_via_abc" time="0.796" /><testcase classname="tests.backend_test.TestIter6BrokerAdapterPrep" name="test_circuit_breaker_opens_on_3_failures" time="0.001" /><testcase classname="tests.backend_test.TestIter6BrokerAdapterPrep" name="test_retry_policy_succeeds_on_third_attempt" time="0.044" /><testcase classname="tests.backend_test.TestIter7AuditLog" name="test_audit_types" time="0.053" /><testcase classname="tests.backend_test.TestIter7AuditLog" name="test_audit_types_unauth" time="0.089" /><testcase classname="tests.backend_test.TestIter7AuditLog" name="test_audit_events_shape" time="0.049" /><testcase classname="tests.backend_test.TestIter7AuditLog" name="test_audit_events_sorted_desc" time="0.048" /><testcase classname="tests.backend_test.TestIter7AuditLog" name="test_paper_order_emits_request_and_fill_with_correlation" time="1.106" /><testcase classname="tests.backend_test.TestIter7AuditLog" name="test_paper_force_override_records_high" time="1.104" /><testcase classname="tests.backend_test.TestIter7AuditLog" name="test_duplicate_blocked_records_warn" time="1.148" /><testcase classname="tests.backend_test.TestIter7AuditLog" name="test_kill_switch_toggle_records_high" time="1.189" /><testcase classname="tests.backend_test.TestIter7AuditLog" name="test_risk_policy_change_records_diffs" time="1.199" /><testcase classname="tests.backend_test.TestIter7AuditLog" name="test_broker_connect_test_disconnect_events" time="1.350" /><testcase classname="tests.backend_test.TestIter7AuditLog" name="test_strategy_saved_event" time="1.149" /><testcase classname="tests.backend_test.TestIter7AuditLog" name="test_backtest_run_event" time="1.099" /><testcase classname="tests.backend_test.TestIter7AuditLog" name="test_trap_scan_records_signal" time="1.099" /><testcase classname="tests.backend_test.TestIter7AuditLog" name="test_auth_login_records_events" time="1.760" /><testcase classname="tests.backend_test.TestIter7AuditLog" name="test_filter_event_types" time="0.053" /><testcase classname="tests.backend_test.TestIter7AuditLog" name="test_filter_severities" time="0.048" /><testcase classname="tests.backend_test.TestIter7AuditLog" name="test_search_q_case_insensitive" time="1.102" /><testcase classname="tests.backend_test.TestIter7AuditLog" name="test_date_range_from_ts" time="0.046" /><testcase classname="tests.backend_test.TestIter7AuditLog" name="test_pagination_cursor" time="0.132" /><testcase classname="tests.backend_test.TestIter7AuditLog" name="test_csv_export" time="0.081" /><testcase classname="tests.backend_test.TestIter7AuditLog" name="test_audit_indexes_exist" time="0.006" /><testcase classname="tests.backend_test.TestIter7AuditLog" name="test_paper_order_succeeds_even_if_audit_table_busy" time="0.059" /><testcase classname="tests.backend_test.TestIter8MonteCarloStress" name="test_stress_with_backtest_full_shape" time="0.173" /><testcase classname="tests.backend_test.TestIter8MonteCarloStress" name="test_stress_with_dsl_only" time="0.060" /><testcase classname="tests.backend_test.TestIter8MonteCarloStress" name="test_same_seed_reproducible" time="0.135" /><testcase classname="tests.backend_test.TestIter8MonteCarloStress" name="test_iterations_below_min_returns_422" time="0.045" /><testcase classname="tests.backend_test.TestIter8MonteCarloStress" name="test_iterations_above_max_returns_422" time="0.050" /><testcase classname="tests.backend_test.TestIter8MonteCarloStress" name="test_service_level_iterations_clamped" time="0.210" /><testcase classname="tests.backend_test.TestIter8MonteCarloStress" name="test_short_equity_curve_returns_400" time="0.047" /><testcase classname="tests.backend_test.TestIter8MonteCarloStress" name="test_neither_backtest_nor_dsl_returns_400" time="0.048" /><testcase classname="tests.backend_test.TestIter8MonteCarloStress" name="test_malformed_dsl_returns_400" time="0.047" /><testcase classname="tests.backend_test.TestIter8MonteCarloStress" name="test_blowup_rate_near_zero_for_small_dd" time="0.052" /><testcase classname="tests.backend_test.TestIter8MonteCarloStress" name="test_histograms_bins_contiguous" time="0.067" /><testcase classname="tests.backend_test.TestIter8MonteCarloStress" name="test_stress_audit_event_recorded" time="1.172" /><testcase classname="tests.backend_test.TestIter8MonteCarloStress" name="test_stress_no_auth_returns_401" time="0.064" /><testcase classname="tests.backend_test.TestIter9Refactor" name="test_services_paper_trading_exports" time="0.000" /><testcase classname="tests.backend_test.TestIter9Refactor" name="test_router_paper_reexports_lifespan_helper" time="0.025" /><testcase classname="tests.backend_test.TestIter9Refactor" name="test_dashboard_router_imports_compute_positions_from_services" time="0.001" /><testcase classname="tests.backend_test.TestIter9Refactor" name="test_paper_adapter_uses_services" time="0.000" /><testcase classname="tests.backend_test.TestIter9Refactor" name="test_zerodha_is_broker_adapter" time="0.001" /><testcase classname="tests.backend_test.TestIter9Refactor" name="test_zerodha_test_connection_raises_broker_auth_error" time="0.493" /><testcase classname="tests.backend_test.TestIter9Refactor" name="test_upstox_is_broker_adapter" time="0.001" /><testcase classname="tests.backend_test.TestIter9Refactor" name="test_upstox_without_access_token_raises_unavailable" time="0.039" /><testcase classname="tests.backend_test.TestIter9Refactor" name="test_reconciler_loop_imports" time="0.001" /><testcase classname="tests.backend_test.TestIter9Refactor" name="test_reconciler_tick_no_live_brokers_returns_zero" time="0.829" /><testcase classname="tests.backend_test.TestIter9Refactor" name="test_zerodha_connect_and_test_classified_as_error" time="0.583" /><testcase classname="tests.backend_test.TestIter9Refactor" name="test_reconciliation_paper_not_applicable" time="0.054" /></testsuite></testsuites>