<?xml version="1.0" encoding="utf-8"?><testsuites name="pytest tests"><testsuite name="pytest" errors="0" failures="1" skipped="0" tests="18" time="3.410" timestamp="2026-05-30T08:20:23.196667+00:00" hostname="agent-env-795dd4e0-8578-4e28-9e91-7f61c1b4ff57"><testcase classname="backend.tests.test_oauth_iter13.TestOauthUrls" name="test_zerodha_urls" time="0.650" /><testcase classname="backend.tests.test_oauth_iter13.TestOauthUrls" name="test_upstox_supported" time="0.107" /><testcase classname="backend.tests.test_oauth_iter13.TestOauthUrls" name="test_others_not_supported[dhan]" time="0.097" /><testcase classname="backend.tests.test_oauth_iter13.TestOauthUrls" name="test_others_not_supported[icici]" time="0.104" /><testcase classname="backend.tests.test_oauth_iter13.TestOauthUrls" name="test_others_not_supported[rmoney]" time="0.137" /><testcase classname="backend.tests.test_oauth_iter13.TestOauthUrls" name="test_urls_require_auth" time="0.113" /><testcase classname="backend.tests.test_oauth_iter13.TestOauthStart" name="test_zerodha_start" time="0.105" /><testcase classname="backend.tests.test_oauth_iter13.TestOauthStart" name="test_upstox_start" time="0.105" /><testcase classname="backend.tests.test_oauth_iter13.TestOauthStart" name="test_dhan_start_rejected" time="0.096" /><testcase classname="backend.tests.test_oauth_iter13.TestOauthStart" name="test_start_requires_creds" time="0.105" /><testcase classname="backend.tests.test_oauth_iter13.TestOauthStart" name="test_start_requires_auth" time="0.099" /><testcase classname="backend.tests.test_oauth_iter13.TestOauthCallback" name="test_zerodha_callback_bad_state" time="0.597" /><testcase classname="backend.tests.test_oauth_iter13.TestOauthCallback" name="test_upstox_callback_bad_state" time="0.481" /><testcase classname="backend.tests.test_oauth_iter13.TestOauthCallback" name="test_unsupported_broker_callback" time="0.094" /><testcase classname="backend.tests.test_oauth_iter13.TestPostback" name="test_postback_no_token" time="0.124" /><testcase classname="backend.tests.test_oauth_iter13.TestPostback" name="test_postback_invalid_token" time="0.096" /><testcase classname="backend.tests.test_oauth_iter13.TestPostback" name="test_unknown_broker_postback" time="0.109" /><testcase classname="backend.tests.test_oauth_iter13" name="test_oauth_states_ttl_index" time="0.009"><failure message="AssertionError: created_at_ttl missing in []&#10;assert []">backend/tests/test_oauth_iter13.py:144: in test_oauth_states_ttl_index
    assert ttl, f"created_at_ttl missing in {list(indexes.keys())}"
E   AssertionError: created_at_ttl missing in []
E   assert []</failure></testcase></testsuite></testsuites>