<?xml version="1.0" encoding="utf-8"?><testsuites name="pytest tests"><testsuite name="pytest" errors="0" failures="17" skipped="0" tests="118" time="63.461" timestamp="2026-05-30T07:30:09.633201+00:00" hostname="agent-env-795dd4e0-8578-4e28-9e91-7f61c1b4ff57"><testcase classname="backend.tests.backend_test" name="test_health" time="0.120" /><testcase classname="backend.tests.backend_test.TestAuth" name="test_register_new_user" time="0.274" /><testcase classname="backend.tests.backend_test.TestAuth" name="test_login_demo" time="0.267" /><testcase classname="backend.tests.backend_test.TestAuth" name="test_me_with_token" time="0.374" /><testcase classname="backend.tests.backend_test.TestAuth" name="test_me_without_token" time="0.042" /><testcase classname="backend.tests.backend_test.TestAuth" name="test_me_invalid_token" time="0.045" /><testcase classname="backend.tests.backend_test.TestMarket" name="test_symbols" time="0.044" /><testcase classname="backend.tests.backend_test.TestMarket" name="test_ohlcv" time="0.047" /><testcase classname="backend.tests.backend_test.TestMarket" name="test_ohlcv_unknown" time="0.044" /><testcase classname="backend.tests.backend_test.TestMarket" name="test_options_chain" time="0.046" /><testcase classname="backend.tests.backend_test.TestStrategies" name="test_generate" time="4.008" /><testcase classname="backend.tests.backend_test.TestStrategies" name="test_save_list_delete" time="0.140" /><testcase classname="backend.tests.backend_test.TestBacktest" name="test_metrics_present" time="0.056" /><testcase classname="backend.tests.backend_test.TestBacktest" name="test_list_backtests" time="0.045" /><testcase classname="backend.tests.backend_test.TestRisk" name="test_analyse" time="8.189" /><testcase classname="backend.tests.backend_test.TestTrap" name="test_scan" time="0.048" /><testcase classname="backend.tests.backend_test.TestTrap" name="test_explain" time="11.235" /><testcase classname="backend.tests.backend_test.TestPaperAndRisk" name="test_get_default_limits" time="0.047" /><testcase classname="backend.tests.backend_test.TestPaperAndRisk" name="test_update_limits" time="0.092" /><testcase classname="backend.tests.backend_test.TestPaperAndRisk" name="test_place_eq_order_and_position" time="0.225" /><testcase classname="backend.tests.backend_test.TestPaperAndRisk" name="test_place_option_order" time="0.090" /><testcase classname="backend.tests.backend_test.TestPaperAndRisk" name="test_flatten" time="0.087" /><testcase classname="backend.tests.backend_test.TestPaperAndRisk" name="test_kill_switch_blocks" time="0.137" /><testcase classname="backend.tests.backend_test.TestJournal" name="test_create_and_list" time="3.767" /><testcase classname="backend.tests.backend_test.TestDashboard" name="test_summary" time="0.051" /><testcase classname="backend.tests.backend_test.TestBrokers" name="test_list_brokers" time="0.047" /><testcase classname="backend.tests.backend_test.TestBrokers" name="test_zerodha_connect_then_test_then_delete" time="0.918" /><testcase classname="backend.tests.backend_test.TestBrokers" name="test_rmoney_graceful_failure" time="1.496" /><testcase classname="backend.tests.backend_test.TestBrokers" name="test_unknown_broker_404" time="0.046" /><testcase classname="backend.tests.backend_test.TestBrokers" name="test_credentials_stored_encrypted" time="0.240" /><testcase classname="backend.tests.backend_test.TestMultiLeg" name="test_long_straddle" time="0.284" /><testcase classname="backend.tests.backend_test.TestMultiLeg" name="test_multi_leg_empty_legs" time="0.087" /><testcase classname="backend.tests.backend_test.TestMultiLeg" name="test_multi_leg_kill_switch_blocks" time="0.185" /><testcase classname="backend.tests.backend_test.TestWebSocketTicks" name="test_ws_ticks_stream" time="1.769" /><testcase classname="backend.tests.backend_test.TestLiteralValidation" name="test_invalid_side_hold" time="0.048" /><testcase classname="backend.tests.backend_test.TestLiteralValidation" name="test_invalid_side_lowercase" time="0.045" /><testcase classname="backend.tests.backend_test.TestLiteralValidation" name="test_invalid_instrument_type" time="0.042" /><testcase classname="backend.tests.backend_test.TestLiteralValidation" name="test_invalid_option_kind" time="0.045" /><testcase classname="backend.tests.backend_test.TestLiteralValidation" name="test_invalid_order_type" time="0.045" /><testcase classname="backend.tests.backend_test.TestLiteralValidation" name="test_multi_leg_invalid_side" time="0.044" /><testcase classname="backend.tests.backend_test.TestLiteralValidation" name="test_multi_leg_invalid_option_kind" time="0.045" /><testcase classname="backend.tests.backend_test.TestDuplicatePrevention" name="test_duplicate_rejected_with_different_idem_keys" time="0.190" /><testcase classname="backend.tests.backend_test.TestDuplicatePrevention" name="test_force_bypass_succeeds" time="0.183" /><testcase classname="backend.tests.backend_test.TestDuplicatePrevention" name="test_dup_window_expires" time="6.684" /><testcase classname="backend.tests.backend_test.TestIdempotency" name="test_idempotency_replay_single" time="0.210" /><testcase classname="backend.tests.backend_test.TestIdempotency" name="test_auto_idempotency_without_header" time="0.133"><failure message="AssertionError: assert not True&#10; +  where True = &lt;built-in method get of dict object at 0xfa5e610ad6c0&gt;('idempotent_replay')&#10; +    where &lt;built-in method get of dict object at 0xfa5e610ad6c0&gt; = {'created_at': '2026-05-29T16:59:22.279040+00:00', 'id': '40f76c6f-68be-41e1-8974-cd009f346565', 'idempotency_key': '0e6b9c7aa077c99df727a719a48f0154616156dbfe78b74799c4cc84dad6c05c', 'idempotent_replay': True, ...}.get">E   AssertionError: assert not True
     +  where True = &lt;built-in method get of dict object at 0xfa5e610ad6c0&gt;('idempotent_replay')
     +    where &lt;built-in method get of dict object at 0xfa5e610ad6c0&gt; = {'created_at': '2026-05-29T16:59:22.279040+00:00', 'id': '40f76c6f-68be-41e1-8974-cd009f346565', 'idempotency_key': '0e6b9c7aa077c99df727a719a48f0154616156dbfe78b74799c4cc84dad6c05c', 'idempotent_replay': True, ...}.get</failure></testcase><testcase classname="backend.tests.backend_test.TestIdempotency" name="test_multi_leg_idempotency_replay" time="0.315" /><testcase classname="backend.tests.backend_test.TestBasketRollback" name="test_invalid_strike_preflight_no_partial_fill" time="0.264" /><testcase classname="backend.tests.backend_test.TestBasketRollback" name="test_multi_leg_success_persists_basket" time="0.278" /><testcase classname="backend.tests.backend_test.TestIdempotencyTTL" name="test_ttl_index_present" time="0.003" /><testcase classname="backend.tests.backend_test.TestLifespan" name="test_no_on_event_deprecation_and_startup_log" time="0.010" /><testcase classname="backend.tests.backend_test.TestIter5CodeReviewFixes" name="test_backtest_invalid_dsl_entry_string_returns_400" time="0.046" /><testcase classname="backend.tests.backend_test.TestIter5CodeReviewFixes" name="test_backtest_invalid_dsl_exit_string_returns_400" time="0.044" /><testcase classname="backend.tests.backend_test.TestIter5CodeReviewFixes" name="test_backtest_unknown_indicator_runs_no_trades" time="0.052" /><testcase classname="backend.tests.backend_test.TestIter5CodeReviewFixes" name="test_backtest_valid_dsl_still_returns_full_payload" time="0.049" /><testcase classname="backend.tests.backend_test.TestIter5CodeReviewFixes" name="test_rmoney_graceful_after_var_rename" time="1.384" /><testcase classname="backend.tests.backend_test.TestIter5CodeReviewFixes" name="test_multi_leg_accepts_extra_underscore_key_field" time="0.223" /><testcase classname="backend.tests.backend_test.TestIter5CodeReviewFixes" name="test_env_var_test_credentials_default" time="0.000" /><testcase classname="backend.tests.backend_test.TestIter5CodeReviewFixes" name="test_env_var_override_logic" time="0.000" /><testcase classname="backend.tests.backend_test.TestIter6BrokerAdapterPrep" name="test_brokers_capabilities_chip" time="0.044" /><testcase classname="backend.tests.backend_test.TestIter6BrokerAdapterPrep" name="test_reconciliation_summary_shape" time="0.047" /><testcase classname="backend.tests.backend_test.TestIter6BrokerAdapterPrep" name="test_reconciliation_run_paper_noop" time="0.102" /><testcase classname="backend.tests.backend_test.TestIter6BrokerAdapterPrep" name="test_reconciliation_run_zerodha_real_adapter_auth_fails" time="0.552" /><testcase classname="backend.tests.backend_test.TestIter6BrokerAdapterPrep" name="test_reconciliation_run_unconnected_404" time="0.089" /><testcase classname="backend.tests.backend_test.TestIter6BrokerAdapterPrep" name="test_reconciliation_log_broker_filter" time="0.089" /><testcase classname="backend.tests.backend_test.TestIter6BrokerAdapterPrep" name="test_normalized_order_pydantic" time="0.001"><failure message="ValueError: Fernet key must be 32 url-safe base64-encoded bytes.">E   ValueError: Fernet key must be 32 url-safe base64-encoded bytes.</failure></testcase><testcase classname="backend.tests.backend_test.TestIter6BrokerAdapterPrep" name="test_broker_adapter_abc_not_instantiable" time="0.000"><failure message="ValueError: Fernet key must be 32 url-safe base64-encoded bytes.">E   ValueError: Fernet key must be 32 url-safe base64-encoded bytes.</failure></testcase><testcase classname="backend.tests.backend_test.TestIter6BrokerAdapterPrep" name="test_paper_adapter_capabilities_and_connection" time="0.000"><failure message="ValueError: Fernet key must be 32 url-safe base64-encoded bytes.">E   ValueError: Fernet key must be 32 url-safe base64-encoded bytes.</failure></testcase><testcase classname="backend.tests.backend_test.TestIter6BrokerAdapterPrep" name="test_paper_adapter_place_order_via_abc" time="0.545"><failure message="ValueError: Fernet key must be 32 url-safe base64-encoded bytes.">E   ValueError: Fernet key must be 32 url-safe base64-encoded bytes.</failure></testcase><testcase classname="backend.tests.backend_test.TestIter6BrokerAdapterPrep" name="test_circuit_breaker_opens_on_3_failures" time="0.000"><failure message="ValueError: Fernet key must be 32 url-safe base64-encoded bytes.">E   ValueError: Fernet key must be 32 url-safe base64-encoded bytes.</failure></testcase><testcase classname="backend.tests.backend_test.TestIter6BrokerAdapterPrep" name="test_retry_policy_succeeds_on_third_attempt" time="0.000"><failure message="ValueError: Fernet key must be 32 url-safe base64-encoded bytes.">E   ValueError: Fernet key must be 32 url-safe base64-encoded bytes.</failure></testcase><testcase classname="backend.tests.backend_test.TestIter7AuditLog" name="test_audit_types" time="0.047" /><testcase classname="backend.tests.backend_test.TestIter7AuditLog" name="test_audit_types_unauth" time="0.048" /><testcase classname="backend.tests.backend_test.TestIter7AuditLog" name="test_audit_events_shape" time="0.049" /><testcase classname="backend.tests.backend_test.TestIter7AuditLog" name="test_audit_events_sorted_desc" time="0.066" /><testcase classname="backend.tests.backend_test.TestIter7AuditLog" name="test_paper_order_emits_request_and_fill_with_correlation" time="1.098" /><testcase classname="backend.tests.backend_test.TestIter7AuditLog" name="test_paper_force_override_records_high" time="1.093" /><testcase classname="backend.tests.backend_test.TestIter7AuditLog" name="test_duplicate_blocked_records_warn" time="1.135" /><testcase classname="backend.tests.backend_test.TestIter7AuditLog" name="test_kill_switch_toggle_records_high" time="1.182" /><testcase classname="backend.tests.backend_test.TestIter7AuditLog" name="test_risk_policy_change_records_diffs" time="1.180" /><testcase classname="backend.tests.backend_test.TestIter7AuditLog" name="test_broker_connect_test_disconnect_events" time="1.315" /><testcase classname="backend.tests.backend_test.TestIter7AuditLog" name="test_strategy_saved_event" time="1.136" /><testcase classname="backend.tests.backend_test.TestIter7AuditLog" name="test_backtest_run_event" time="1.093" /><testcase classname="backend.tests.backend_test.TestIter7AuditLog" name="test_trap_scan_records_signal" time="1.092" /><testcase classname="backend.tests.backend_test.TestIter7AuditLog" name="test_auth_login_records_events" time="1.721" /><testcase classname="backend.tests.backend_test.TestIter7AuditLog" name="test_filter_event_types" time="0.050" /><testcase classname="backend.tests.backend_test.TestIter7AuditLog" name="test_filter_severities" time="0.048" /><testcase classname="backend.tests.backend_test.TestIter7AuditLog" name="test_search_q_case_insensitive" time="1.094" /><testcase classname="backend.tests.backend_test.TestIter7AuditLog" name="test_date_range_from_ts" time="0.043" /><testcase classname="backend.tests.backend_test.TestIter7AuditLog" name="test_pagination_cursor" time="0.093" /><testcase classname="backend.tests.backend_test.TestIter7AuditLog" name="test_csv_export" time="0.075" /><testcase classname="backend.tests.backend_test.TestIter7AuditLog" name="test_audit_indexes_exist" time="0.013"><failure message="KeyError: 'MONGO_URL'">E   KeyError: 'MONGO_URL'</failure></testcase><testcase classname="backend.tests.backend_test.TestIter7AuditLog" name="test_paper_order_succeeds_even_if_audit_table_busy" time="0.047" /><testcase classname="backend.tests.backend_test.TestIter8MonteCarloStress" name="test_stress_with_backtest_full_shape" time="0.155" /><testcase classname="backend.tests.backend_test.TestIter8MonteCarloStress" name="test_stress_with_dsl_only" time="0.058" /><testcase classname="backend.tests.backend_test.TestIter8MonteCarloStress" name="test_same_seed_reproducible" time="0.127" /><testcase classname="backend.tests.backend_test.TestIter8MonteCarloStress" name="test_iterations_below_min_returns_422" time="0.046" /><testcase classname="backend.tests.backend_test.TestIter8MonteCarloStress" name="test_iterations_above_max_returns_422" time="0.045" /><testcase classname="backend.tests.backend_test.TestIter8MonteCarloStress" name="test_service_level_iterations_clamped" time="0.213" /><testcase classname="backend.tests.backend_test.TestIter8MonteCarloStress" name="test_short_equity_curve_returns_400" time="0.046" /><testcase classname="backend.tests.backend_test.TestIter8MonteCarloStress" name="test_neither_backtest_nor_dsl_returns_400" time="0.045" /><testcase classname="backend.tests.backend_test.TestIter8MonteCarloStress" name="test_malformed_dsl_returns_400" time="0.044" /><testcase classname="backend.tests.backend_test.TestIter8MonteCarloStress" name="test_blowup_rate_near_zero_for_small_dd" time="0.055" /><testcase classname="backend.tests.backend_test.TestIter8MonteCarloStress" name="test_histograms_bins_contiguous" time="0.059" /><testcase classname="backend.tests.backend_test.TestIter8MonteCarloStress" name="test_stress_audit_event_recorded" time="1.155" /><testcase classname="backend.tests.backend_test.TestIter8MonteCarloStress" name="test_stress_no_auth_returns_401" time="0.057" /><testcase classname="backend.tests.backend_test.TestIter9Refactor" name="test_services_paper_trading_exports" time="0.168" /><testcase classname="backend.tests.backend_test.TestIter9Refactor" name="test_router_paper_reexports_lifespan_helper" time="0.004"><failure message="KeyError: 'JWT_SECRET'">E   KeyError: 'JWT_SECRET'</failure></testcase><testcase classname="backend.tests.backend_test.TestIter9Refactor" name="test_dashboard_router_imports_compute_positions_from_services" time="0.001"><failure message="KeyError: 'JWT_SECRET'">E   KeyError: 'JWT_SECRET'</failure></testcase><testcase classname="backend.tests.backend_test.TestIter9Refactor" name="test_paper_adapter_uses_services" time="0.001"><failure message="ValueError: Fernet key must be 32 url-safe base64-encoded bytes.">E   ValueError: Fernet key must be 32 url-safe base64-encoded bytes.</failure></testcase><testcase classname="backend.tests.backend_test.TestIter9Refactor" name="test_zerodha_is_broker_adapter" time="0.001"><failure message="ValueError: Fernet key must be 32 url-safe base64-encoded bytes.">E   ValueError: Fernet key must be 32 url-safe base64-encoded bytes.</failure></testcase><testcase classname="backend.tests.backend_test.TestIter9Refactor" name="test_zerodha_test_connection_raises_broker_auth_error" time="0.000"><failure message="ValueError: Fernet key must be 32 url-safe base64-encoded bytes.">E   ValueError: Fernet key must be 32 url-safe base64-encoded bytes.</failure></testcase><testcase classname="backend.tests.backend_test.TestIter9Refactor" name="test_upstox_is_broker_adapter" time="0.001"><failure message="ValueError: Fernet key must be 32 url-safe base64-encoded bytes.">E   ValueError: Fernet key must be 32 url-safe base64-encoded bytes.</failure></testcase><testcase classname="backend.tests.backend_test.TestIter9Refactor" name="test_upstox_without_access_token_raises_unavailable" time="0.001"><failure message="ValueError: Fernet key must be 32 url-safe base64-encoded bytes.">E   ValueError: Fernet key must be 32 url-safe base64-encoded bytes.</failure></testcase><testcase classname="backend.tests.backend_test.TestIter9Refactor" name="test_reconciler_loop_imports" time="0.001"><failure message="ValueError: Fernet key must be 32 url-safe base64-encoded bytes.">E   ValueError: Fernet key must be 32 url-safe base64-encoded bytes.</failure></testcase><testcase classname="backend.tests.backend_test.TestIter9Refactor" name="test_reconciler_tick_no_live_brokers_returns_zero" time="0.274"><failure message="AssertionError: stdout=&#10;  stderr=Traceback (most recent call last):&#10;    File &quot;&lt;string&gt;&quot;, line 4, in &lt;module&gt;&#10;    File &quot;/app/backend/services/reconciler_loop.py&quot;, line 13, in &lt;module&gt;&#10;      from brokers import decrypt_credentials&#10;    File &quot;/app/backend/brokers/__init__.py&quot;, line 15, in &lt;module&gt;&#10;      _FERNET = Fernet(os.environ[&quot;ENCRYPTION_KEY&quot;].encode())&#10;                ^^^^^^^^^^^^^^^^^^^^^^^^^^^^^^^^^^^^^^^^^^^^^&#10;    File &quot;/root/.venv/lib/python3.11/site-packages/cryptography/fernet.py&quot;, line 41, in __init__&#10;      raise ValueError(&#10;  ValueError: Fernet key must be 32 url-safe base64-encoded bytes.&#10;  &#10;assert 1 == 0&#10; +  where 1 = CompletedProcess(args=['/root/.venv/bin/python', '-c', &quot;import asyncio, os, sys\nsys.path.insert(0, '/app/backend')\nf....py&quot;, line 41, in __init__\n    raise ValueError(\nValueError: Fernet key must be 32 url-safe base64-encoded bytes.\n').returncode">E   AssertionError: stdout=
      stderr=Traceback (most recent call last):
        File "&lt;string&gt;", line 4, in &lt;module&gt;
        File "/app/backend/services/reconciler_loop.py", line 13, in &lt;module&gt;
          from brokers import decrypt_credentials
        File "/app/backend/brokers/__init__.py", line 15, in &lt;module&gt;
          _FERNET = Fernet(os.environ["ENCRYPTION_KEY"].encode())
                    ^^^^^^^^^^^^^^^^^^^^^^^^^^^^^^^^^^^^^^^^^^^^^
        File "/root/.venv/lib/python3.11/site-packages/cryptography/fernet.py", line 41, in __init__
          raise ValueError(
      ValueError: Fernet key must be 32 url-safe base64-encoded bytes.
      
    assert 1 == 0
     +  where 1 = CompletedProcess(args=['/root/.venv/bin/python', '-c', "import asyncio, os, sys\nsys.path.insert(0, '/app/backend')\nf....py", line 41, in __init__\n    raise ValueError(\nValueError: Fernet key must be 32 url-safe base64-encoded bytes.\n').returncode</failure></testcase><testcase classname="backend.tests.backend_test.TestIter9Refactor" name="test_zerodha_connect_and_test_classified_as_error" time="0.568" /><testcase classname="backend.tests.backend_test.TestIter9Refactor" name="test_reconciliation_paper_not_applicable" time="0.046" /></testsuite></testsuites>