<?xml version="1.0" encoding="utf-8"?><testsuites name="pytest tests"><testsuite name="pytest" errors="0" failures="0" skipped="0" tests="12" time="9.179" timestamp="2026-05-30T07:51:17.512937+00:00" hostname="agent-env-795dd4e0-8578-4e28-9e91-7f61c1b4ff57"><testcase classname="backend.tests.test_alerts_iter11" name="test_get_prefs_defaults_fresh_user" time="0.625" /><testcase classname="backend.tests.test_alerts_iter11" name="test_put_prefs_round_trip" time="0.208" /><testcase classname="backend.tests.test_alerts_iter11" name="test_post_test_telegram_400_no_token" time="0.531" /><testcase classname="backend.tests.test_alerts_iter11" name="test_post_test_email_400_no_smtp" time="0.247" /><testcase classname="backend.tests.test_alerts_iter11" name="test_post_test_invalid_channel" time="0.132" /><testcase classname="backend.tests.test_alerts_iter11" name="test_alerts_require_auth[GET-/alerts/prefs-None]" time="0.104" /><testcase classname="backend.tests.test_alerts_iter11" name="test_alerts_require_auth[PUT-/alerts/prefs-body1]" time="0.117" /><testcase classname="backend.tests.test_alerts_iter11" name="test_alerts_require_auth[POST-/alerts/test-body2]" time="0.102" /><testcase classname="backend.tests.test_alerts_iter11" name="test_alerts_require_auth[GET-/alerts/log-None]" time="0.098" /><testcase classname="backend.tests.test_alerts_iter11" name="test_kill_switch_toggle_emits_alert_log" time="3.112" /><testcase classname="backend.tests.test_alerts_iter11" name="test_dedup_60s_window" time="3.698" /><testcase classname="backend.tests.test_alerts_iter11" name="test_admin_health_contains_alerts" time="0.122" /></testsuite></testsuites>