<?xml version="1.0" encoding="utf-8"?><testsuites name="pytest tests"><testsuite name="pytest" errors="0" failures="0" skipped="0" tests="10" time="5.906" timestamp="2026-05-30T08:01:41.177559+00:00" hostname="agent-env-795dd4e0-8578-4e28-9e91-7f61c1b4ff57"><testcase classname="backend.tests.test_brokers_iter12" name="test_brokers_list_shape" time="0.473" /><testcase classname="backend.tests.test_brokers_iter12" name="test_connect_then_test_graceful_error[dhan-expected_substrings0]" time="0.202" /><testcase classname="backend.tests.test_brokers_iter12" name="test_connect_then_test_graceful_error[icici-expected_substrings1]" time="0.199" /><testcase classname="backend.tests.test_brokers_iter12" name="test_connect_then_test_graceful_error[rmoney-expected_substrings2]" time="1.445" /><testcase classname="backend.tests.test_brokers_iter12" name="test_audit_events_warn_for_broker_tests" time="0.685" /><testcase classname="backend.tests.test_brokers_iter12" name="test_existing_brokers_no_regression[zerodha]" time="0.643" /><testcase classname="backend.tests.test_brokers_iter12" name="test_existing_brokers_no_regression[upstox]" time="0.579" /><testcase classname="backend.tests.test_brokers_iter12" name="test_admin_health_reconciler_running" time="0.110" /><testcase classname="backend.tests.test_brokers_iter12" name="test_disconnect_writes_audit_event" time="0.832" /><testcase classname="backend.tests.test_brokers_iter12" name="test_cleanup_all_test_connections" time="0.669" /></testsuite></testsuites>