<?xml version="1.0" encoding="utf-8"?><testsuites name="pytest tests"><testsuite name="pytest" errors="0" failures="0" skipped="0" tests="16" time="5.693" timestamp="2026-05-30T09:25:46.516236+00:00" hostname="agent-env-795dd4e0-8578-4e28-9e91-7f61c1b4ff57"><testcase classname="backend.tests.test_cookie_csrf_iter14.TestLoginCookies" name="test_login_returns_token_and_user" time="0.506" /><testcase classname="backend.tests.test_cookie_csrf_iter14.TestLoginCookies" name="test_login_sets_both_cookies" time="0.341" /><testcase classname="backend.tests.test_cookie_csrf_iter14.TestLoginCookies" name="test_login_bad_password" time="0.369" /><testcase classname="backend.tests.test_cookie_csrf_iter14.TestBearerBackCompat" name="test_me_with_bearer_no_cookies" time="0.437" /><testcase classname="backend.tests.test_cookie_csrf_iter14.TestBearerBackCompat" name="test_risk_put_bearer_only_bypasses_csrf" time="0.420" /><testcase classname="backend.tests.test_cookie_csrf_iter14.TestBearerBackCompat" name="test_me_with_no_auth" time="0.130" /><testcase classname="backend.tests.test_cookie_csrf_iter14.TestCookieAuth" name="test_me_with_cookies_only" time="0.397" /><testcase classname="backend.tests.test_cookie_csrf_iter14.TestCSRF" name="test_csrf_missing_header" time="0.401" /><testcase classname="backend.tests.test_cookie_csrf_iter14.TestCSRF" name="test_csrf_wrong_header" time="0.362" /><testcase classname="backend.tests.test_cookie_csrf_iter14.TestCSRF" name="test_csrf_success" time="0.382" /><testcase classname="backend.tests.test_cookie_csrf_iter14.TestCSRF" name="test_csrf_exempt_login" time="0.326" /><testcase classname="backend.tests.test_cookie_csrf_iter14.TestLogout" name="test_logout_clears_cookies" time="0.380" /><testcase classname="backend.tests.test_cookie_csrf_iter14.TestMigrate" name="test_migrate_token_success_sets_cookies" time="0.491" /><testcase classname="backend.tests.test_cookie_csrf_iter14.TestMigrate" name="test_migrate_token_missing" time="0.114" /><testcase classname="backend.tests.test_cookie_csrf_iter14.TestMigrate" name="test_migrate_token_invalid" time="0.127" /><testcase classname="backend.tests.test_cookie_csrf_iter14.TestRegressionWithCSRF" name="test_risk_put_cookie_with_csrf" time="0.421" /></testsuite></testsuites>