<?xml version="1.0" encoding="utf-8"?><testsuites name="pytest tests"><testsuite name="pytest" errors="0" failures="0" skipped="0" tests="13" time="2.902" timestamp="2026-05-29T17:30:28.433069+00:00" hostname="agent-env-795dd4e0-8578-4e28-9e91-7f61c1b4ff57"><testcase classname="backend.tests.backend_test.TestIter8MonteCarloStress" name="test_stress_with_backtest_full_shape" time="0.628" /><testcase classname="backend.tests.backend_test.TestIter8MonteCarloStress" name="test_stress_with_dsl_only" time="0.062" /><testcase classname="backend.tests.backend_test.TestIter8MonteCarloStress" name="test_same_seed_reproducible" time="0.146" /><testcase classname="backend.tests.backend_test.TestIter8MonteCarloStress" name="test_iterations_below_min_returns_422" time="0.064" /><testcase classname="backend.tests.backend_test.TestIter8MonteCarloStress" name="test_iterations_above_max_returns_422" time="0.051" /><testcase classname="backend.tests.backend_test.TestIter8MonteCarloStress" name="test_service_level_iterations_clamped" time="0.212" /><testcase classname="backend.tests.backend_test.TestIter8MonteCarloStress" name="test_short_equity_curve_returns_400" time="0.057" /><testcase classname="backend.tests.backend_test.TestIter8MonteCarloStress" name="test_neither_backtest_nor_dsl_returns_400" time="0.050" /><testcase classname="backend.tests.backend_test.TestIter8MonteCarloStress" name="test_malformed_dsl_returns_400" time="0.060" /><testcase classname="backend.tests.backend_test.TestIter8MonteCarloStress" name="test_blowup_rate_near_zero_for_small_dd" time="0.061" /><testcase classname="backend.tests.backend_test.TestIter8MonteCarloStress" name="test_histograms_bins_contiguous" time="0.063" /><testcase classname="backend.tests.backend_test.TestIter8MonteCarloStress" name="test_stress_audit_event_recorded" time="1.189" /><testcase classname="backend.tests.backend_test.TestIter8MonteCarloStress" name="test_stress_no_auth_returns_401" time="0.060" /></testsuite></testsuites>