<?xml version="1.0" encoding="utf-8"?><testsuites name="pytest tests"><testsuite name="pytest" errors="0" failures="0" skipped="0" tests="29" time="12.370" timestamp="2026-05-30T08:01:52.658863+00:00" hostname="agent-env-795dd4e0-8578-4e28-9e91-7f61c1b4ff57"><testcase classname="backend.tests.test_admin_iter10" name="test_admin_health" time="0.469" /><testcase classname="backend.tests.test_admin_iter10" name="test_admin_audit_list" time="0.112" /><testcase classname="backend.tests.test_admin_iter10" name="test_admin_risk_users" time="0.114" /><testcase classname="backend.tests.test_admin_iter10" name="test_admin_brokers_map" time="0.104" /><testcase classname="backend.tests.test_admin_iter10" name="test_admin_events_list" time="0.095" /><testcase classname="backend.tests.test_admin_iter10" name="test_admin_endpoints_forbid_regular_user[/admin/health]" time="0.418" /><testcase classname="backend.tests.test_admin_iter10" name="test_admin_endpoints_forbid_regular_user[/admin/audit]" time="0.110" /><testcase classname="backend.tests.test_admin_iter10" name="test_admin_endpoints_forbid_regular_user[/admin/risk/users]" time="0.100" /><testcase classname="backend.tests.test_admin_iter10" name="test_admin_endpoints_forbid_regular_user[/admin/brokers/map]" time="0.102" /><testcase classname="backend.tests.test_admin_iter10" name="test_admin_endpoints_forbid_regular_user[/admin/events]" time="0.110" /><testcase classname="backend.tests.test_admin_iter10" name="test_admin_kill_forbid_regular_user" time="0.102" /><testcase classname="backend.tests.test_admin_iter10" name="test_force_kill_and_release_and_admin_trail" time="1.051" /><testcase classname="backend.tests.test_admin_iter10" name="test_force_kill_unknown_user_404" time="0.102" /><testcase classname="backend.tests.test_admin_iter10" name="test_regression_dashboard" time="0.100" /><testcase classname="backend.tests.test_admin_iter10" name="test_regression_audit_query" time="0.134" /><testcase classname="backend.tests.test_admin_iter10" name="test_regression_brokers_list" time="0.116" /><testcase classname="backend.tests.test_admin_iter10" name="test_regression_trap_scan" time="0.109" /><testcase classname="backend.tests.test_alerts_iter11" name="test_get_prefs_defaults_fresh_user" time="0.424" /><testcase classname="backend.tests.test_alerts_iter11" name="test_put_prefs_round_trip" time="0.212" /><testcase classname="backend.tests.test_alerts_iter11" name="test_post_test_telegram_400_no_token" time="0.519" /><testcase classname="backend.tests.test_alerts_iter11" name="test_post_test_email_400_no_smtp" time="0.212" /><testcase classname="backend.tests.test_alerts_iter11" name="test_post_test_invalid_channel" time="0.103" /><testcase classname="backend.tests.test_alerts_iter11" name="test_alerts_require_auth[GET-/alerts/prefs-None]" time="0.110" /><testcase classname="backend.tests.test_alerts_iter11" name="test_alerts_require_auth[PUT-/alerts/prefs-body1]" time="0.184" /><testcase classname="backend.tests.test_alerts_iter11" name="test_alerts_require_auth[POST-/alerts/test-body2]" time="0.098" /><testcase classname="backend.tests.test_alerts_iter11" name="test_alerts_require_auth[GET-/alerts/log-None]" time="0.095" /><testcase classname="backend.tests.test_alerts_iter11" name="test_kill_switch_toggle_emits_alert_log" time="3.124" /><testcase classname="backend.tests.test_alerts_iter11" name="test_dedup_60s_window" time="3.664" /><testcase classname="backend.tests.test_alerts_iter11" name="test_admin_health_contains_alerts" time="0.104" /></testsuite></testsuites>