<?xml version="1.0" encoding="utf-8"?><testsuites name="pytest tests"><testsuite name="pytest" errors="0" failures="0" skipped="0" tests="17" time="3.615" timestamp="2026-05-30T07:30:01.571580+00:00" hostname="agent-env-795dd4e0-8578-4e28-9e91-7f61c1b4ff57"><testcase classname="backend.tests.test_admin_iter10" name="test_admin_health" time="0.542" /><testcase classname="backend.tests.test_admin_iter10" name="test_admin_audit_list" time="0.104" /><testcase classname="backend.tests.test_admin_iter10" name="test_admin_risk_users" time="0.125" /><testcase classname="backend.tests.test_admin_iter10" name="test_admin_brokers_map" time="0.118" /><testcase classname="backend.tests.test_admin_iter10" name="test_admin_events_list" time="0.102" /><testcase classname="backend.tests.test_admin_iter10" name="test_admin_endpoints_forbid_regular_user[/admin/health]" time="0.443" /><testcase classname="backend.tests.test_admin_iter10" name="test_admin_endpoints_forbid_regular_user[/admin/audit]" time="0.103" /><testcase classname="backend.tests.test_admin_iter10" name="test_admin_endpoints_forbid_regular_user[/admin/risk/users]" time="0.102" /><testcase classname="backend.tests.test_admin_iter10" name="test_admin_endpoints_forbid_regular_user[/admin/brokers/map]" time="0.095" /><testcase classname="backend.tests.test_admin_iter10" name="test_admin_endpoints_forbid_regular_user[/admin/events]" time="0.111" /><testcase classname="backend.tests.test_admin_iter10" name="test_admin_kill_forbid_regular_user" time="0.116" /><testcase classname="backend.tests.test_admin_iter10" name="test_force_kill_and_release_and_admin_trail" time="1.043" /><testcase classname="backend.tests.test_admin_iter10" name="test_force_kill_unknown_user_404" time="0.106" /><testcase classname="backend.tests.test_admin_iter10" name="test_regression_dashboard" time="0.107" /><testcase classname="backend.tests.test_admin_iter10" name="test_regression_audit_query" time="0.101" /><testcase classname="backend.tests.test_admin_iter10" name="test_regression_brokers_list" time="0.103" /><testcase classname="backend.tests.test_admin_iter10" name="test_regression_trap_scan" time="0.104" /></testsuite></testsuites>