<?xml version="1.0" encoding="utf-8"?><testsuites name="pytest tests"><testsuite name="pytest" errors="0" failures="0" skipped="0" tests="51" time="45.010" timestamp="2026-05-29T15:29:53.721527+00:00" hostname="agent-env-795dd4e0-8578-4e28-9e91-7f61c1b4ff57"><testcase classname="backend.tests.backend_test" name="test_health" time="0.179" /><testcase classname="backend.tests.backend_test.TestAuth" name="test_register_new_user" time="0.290" /><testcase classname="backend.tests.backend_test.TestAuth" name="test_login_demo" time="0.283" /><testcase classname="backend.tests.backend_test.TestAuth" name="test_me_with_token" time="0.387" /><testcase classname="backend.tests.backend_test.TestAuth" name="test_me_without_token" time="0.055" /><testcase classname="backend.tests.backend_test.TestAuth" name="test_me_invalid_token" time="0.061" /><testcase classname="backend.tests.backend_test.TestMarket" name="test_symbols" time="0.057" /><testcase classname="backend.tests.backend_test.TestMarket" name="test_ohlcv" time="0.050" /><testcase classname="backend.tests.backend_test.TestMarket" name="test_ohlcv_unknown" time="0.048" /><testcase classname="backend.tests.backend_test.TestMarket" name="test_options_chain" time="0.055" /><testcase classname="backend.tests.backend_test.TestStrategies" name="test_generate" time="3.759" /><testcase classname="backend.tests.backend_test.TestStrategies" name="test_save_list_delete" time="0.160" /><testcase classname="backend.tests.backend_test.TestBacktest" name="test_metrics_present" time="0.057" /><testcase classname="backend.tests.backend_test.TestBacktest" name="test_list_backtests" time="0.054" /><testcase classname="backend.tests.backend_test.TestRisk" name="test_analyse" time="9.666" /><testcase classname="backend.tests.backend_test.TestTrap" name="test_scan" time="0.053" /><testcase classname="backend.tests.backend_test.TestTrap" name="test_explain" time="11.287" /><testcase classname="backend.tests.backend_test.TestPaperAndRisk" name="test_get_default_limits" time="0.054" /><testcase classname="backend.tests.backend_test.TestPaperAndRisk" name="test_update_limits" time="0.111" /><testcase classname="backend.tests.backend_test.TestPaperAndRisk" name="test_place_eq_order_and_position" time="0.214" /><testcase classname="backend.tests.backend_test.TestPaperAndRisk" name="test_place_option_order" time="0.114" /><testcase classname="backend.tests.backend_test.TestPaperAndRisk" name="test_flatten" time="0.104" /><testcase classname="backend.tests.backend_test.TestPaperAndRisk" name="test_kill_switch_blocks" time="0.151" /><testcase classname="backend.tests.backend_test.TestJournal" name="test_create_and_list" time="4.040" /><testcase classname="backend.tests.backend_test.TestDashboard" name="test_summary" time="0.052" /><testcase classname="backend.tests.backend_test.TestBrokers" name="test_list_brokers" time="0.055" /><testcase classname="backend.tests.backend_test.TestBrokers" name="test_zerodha_connect_then_test_then_delete" time="0.298" /><testcase classname="backend.tests.backend_test.TestBrokers" name="test_rmoney_graceful_failure" time="1.497" /><testcase classname="backend.tests.backend_test.TestBrokers" name="test_unknown_broker_404" time="0.064" /><testcase classname="backend.tests.backend_test.TestBrokers" name="test_credentials_stored_encrypted" time="0.230" /><testcase classname="backend.tests.backend_test.TestMultiLeg" name="test_long_straddle" time="0.311" /><testcase classname="backend.tests.backend_test.TestMultiLeg" name="test_multi_leg_empty_legs" time="0.098" /><testcase classname="backend.tests.backend_test.TestMultiLeg" name="test_multi_leg_kill_switch_blocks" time="0.211" /><testcase classname="backend.tests.backend_test.TestWebSocketTicks" name="test_ws_ticks_stream" time="1.792" /><testcase classname="backend.tests.backend_test.TestLiteralValidation" name="test_invalid_side_hold" time="0.054" /><testcase classname="backend.tests.backend_test.TestLiteralValidation" name="test_invalid_side_lowercase" time="0.048" /><testcase classname="backend.tests.backend_test.TestLiteralValidation" name="test_invalid_instrument_type" time="0.082" /><testcase classname="backend.tests.backend_test.TestLiteralValidation" name="test_invalid_option_kind" time="0.053" /><testcase classname="backend.tests.backend_test.TestLiteralValidation" name="test_invalid_order_type" time="0.049" /><testcase classname="backend.tests.backend_test.TestLiteralValidation" name="test_multi_leg_invalid_side" time="0.064" /><testcase classname="backend.tests.backend_test.TestLiteralValidation" name="test_multi_leg_invalid_option_kind" time="0.046" /><testcase classname="backend.tests.backend_test.TestDuplicatePrevention" name="test_duplicate_rejected_with_different_idem_keys" time="0.219" /><testcase classname="backend.tests.backend_test.TestDuplicatePrevention" name="test_force_bypass_succeeds" time="0.210" /><testcase classname="backend.tests.backend_test.TestDuplicatePrevention" name="test_dup_window_expires" time="6.701" /><testcase classname="backend.tests.backend_test.TestIdempotency" name="test_idempotency_replay_single" time="0.207" /><testcase classname="backend.tests.backend_test.TestIdempotency" name="test_auto_idempotency_without_header" time="0.214" /><testcase classname="backend.tests.backend_test.TestIdempotency" name="test_multi_leg_idempotency_replay" time="0.382" /><testcase classname="backend.tests.backend_test.TestBasketRollback" name="test_invalid_strike_preflight_no_partial_fill" time="0.310" /><testcase classname="backend.tests.backend_test.TestBasketRollback" name="test_multi_leg_success_persists_basket" time="0.317" /><testcase classname="backend.tests.backend_test.TestIdempotencyTTL" name="test_ttl_index_present" time="0.003" /><testcase classname="backend.tests.backend_test.TestLifespan" name="test_no_on_event_deprecation_and_startup_log" time="0.008" /></testsuite></testsuites>