<?xml version="1.0" encoding="utf-8"?><testsuites name="pytest tests"><testsuite name="pytest" errors="0" failures="0" skipped="0" tests="34" time="36.711" timestamp="2026-05-29T14:55:49.392568+00:00" hostname="agent-env-795dd4e0-8578-4e28-9e91-7f61c1b4ff57"><testcase classname="backend.tests.backend_test" name="test_health" time="0.284" /><testcase classname="backend.tests.backend_test.TestAuth" name="test_register_new_user" time="0.278" /><testcase classname="backend.tests.backend_test.TestAuth" name="test_login_demo" time="0.268" /><testcase classname="backend.tests.backend_test.TestAuth" name="test_me_with_token" time="0.414" /><testcase classname="backend.tests.backend_test.TestAuth" name="test_me_without_token" time="0.045" /><testcase classname="backend.tests.backend_test.TestAuth" name="test_me_invalid_token" time="0.044" /><testcase classname="backend.tests.backend_test.TestMarket" name="test_symbols" time="0.047" /><testcase classname="backend.tests.backend_test.TestMarket" name="test_ohlcv" time="0.051" /><testcase classname="backend.tests.backend_test.TestMarket" name="test_ohlcv_unknown" time="0.048" /><testcase classname="backend.tests.backend_test.TestMarket" name="test_options_chain" time="0.052" /><testcase classname="backend.tests.backend_test.TestStrategies" name="test_generate" time="4.403" /><testcase classname="backend.tests.backend_test.TestStrategies" name="test_save_list_delete" time="0.153" /><testcase classname="backend.tests.backend_test.TestBacktest" name="test_metrics_present" time="0.055" /><testcase classname="backend.tests.backend_test.TestBacktest" name="test_list_backtests" time="0.056" /><testcase classname="backend.tests.backend_test.TestRisk" name="test_analyse" time="9.580" /><testcase classname="backend.tests.backend_test.TestTrap" name="test_scan" time="0.052" /><testcase classname="backend.tests.backend_test.TestTrap" name="test_explain" time="11.309" /><testcase classname="backend.tests.backend_test.TestPaperAndRisk" name="test_get_default_limits" time="0.058" /><testcase classname="backend.tests.backend_test.TestPaperAndRisk" name="test_update_limits" time="0.120" /><testcase classname="backend.tests.backend_test.TestPaperAndRisk" name="test_place_eq_order_and_position" time="0.213" /><testcase classname="backend.tests.backend_test.TestPaperAndRisk" name="test_place_option_order" time="0.097" /><testcase classname="backend.tests.backend_test.TestPaperAndRisk" name="test_flatten" time="0.097" /><testcase classname="backend.tests.backend_test.TestPaperAndRisk" name="test_kill_switch_blocks" time="0.148" /><testcase classname="backend.tests.backend_test.TestJournal" name="test_create_and_list" time="4.156" /><testcase classname="backend.tests.backend_test.TestDashboard" name="test_summary" time="0.050" /><testcase classname="backend.tests.backend_test.TestBrokers" name="test_list_brokers" time="0.047" /><testcase classname="backend.tests.backend_test.TestBrokers" name="test_zerodha_connect_then_test_then_delete" time="0.314" /><testcase classname="backend.tests.backend_test.TestBrokers" name="test_rmoney_graceful_failure" time="1.459" /><testcase classname="backend.tests.backend_test.TestBrokers" name="test_unknown_broker_404" time="0.098" /><testcase classname="backend.tests.backend_test.TestBrokers" name="test_credentials_stored_encrypted" time="0.236" /><testcase classname="backend.tests.backend_test.TestMultiLeg" name="test_long_straddle" time="0.320" /><testcase classname="backend.tests.backend_test.TestMultiLeg" name="test_multi_leg_empty_legs" time="0.099" /><testcase classname="backend.tests.backend_test.TestMultiLeg" name="test_multi_leg_kill_switch_blocks" time="0.230" /><testcase classname="backend.tests.backend_test.TestWebSocketTicks" name="test_ws_ticks_stream" time="1.749" /></testsuite></testsuites>